ARM GAS  C:\Users\mstai\AppData\Local\Temp\ccGpV0hL.s 			page 1


   1              		.syntax unified
   2              		.cpu cortex-m0plus
   3              		.fpu softvfp
   4              		.eabi_attribute 20, 1
   5              		.eabi_attribute 21, 1
   6              		.eabi_attribute 23, 3
   7              		.eabi_attribute 24, 1
   8              		.eabi_attribute 25, 1
   9              		.eabi_attribute 26, 1
  10              		.eabi_attribute 30, 1
  11              		.eabi_attribute 34, 0
  12              		.eabi_attribute 18, 4
  13              		.thumb
  14              		.syntax unified
  15              		.file	"cyfitter_cfg.c"
  16              		.text
  17              	.Ltext0:
  18              		.cfi_sections	.debug_frame
  19              		.section	.text.AnalogSetDefault,"ax",%progbits
  20              		.align	2
  21              		.code	16
  22              		.thumb_func
  23              		.type	AnalogSetDefault, %function
  24              	AnalogSetDefault:
  25              	.LFB5:
  26              		.file 1 "Generated_Source\\PSoC4\\cyfitter_cfg.c"
   1:Generated_Source\PSoC4/cyfitter_cfg.c **** 
   2:Generated_Source\PSoC4/cyfitter_cfg.c **** /*******************************************************************************
   3:Generated_Source\PSoC4/cyfitter_cfg.c **** * File Name: cyfitter_cfg.c
   4:Generated_Source\PSoC4/cyfitter_cfg.c **** * 
   5:Generated_Source\PSoC4/cyfitter_cfg.c **** * PSoC Creator  4.2
   6:Generated_Source\PSoC4/cyfitter_cfg.c **** *
   7:Generated_Source\PSoC4/cyfitter_cfg.c **** * Description:
   8:Generated_Source\PSoC4/cyfitter_cfg.c **** * This file contains device initialization code.
   9:Generated_Source\PSoC4/cyfitter_cfg.c **** * Except for the user defined sections in CyClockStartupError(), this file should not be modified.
  10:Generated_Source\PSoC4/cyfitter_cfg.c **** * This file is automatically generated by PSoC Creator.
  11:Generated_Source\PSoC4/cyfitter_cfg.c **** *
  12:Generated_Source\PSoC4/cyfitter_cfg.c **** ********************************************************************************
  13:Generated_Source\PSoC4/cyfitter_cfg.c **** * Copyright (c) 2007-2018 Cypress Semiconductor.  All rights reserved.
  14:Generated_Source\PSoC4/cyfitter_cfg.c **** * You may use this file only in accordance with the license, terms, conditions, 
  15:Generated_Source\PSoC4/cyfitter_cfg.c **** * disclaimers, and limitations in the end user license agreement accompanying 
  16:Generated_Source\PSoC4/cyfitter_cfg.c **** * the software package with which this file was provided.
  17:Generated_Source\PSoC4/cyfitter_cfg.c **** ********************************************************************************/
  18:Generated_Source\PSoC4/cyfitter_cfg.c **** 
  19:Generated_Source\PSoC4/cyfitter_cfg.c **** #include <string.h>
  20:Generated_Source\PSoC4/cyfitter_cfg.c **** #include "cytypes.h"
  21:Generated_Source\PSoC4/cyfitter_cfg.c **** #include "cydevice_trm.h"
  22:Generated_Source\PSoC4/cyfitter_cfg.c **** #include "cyfitter.h"
  23:Generated_Source\PSoC4/cyfitter_cfg.c **** #include "CyLib.h"
  24:Generated_Source\PSoC4/cyfitter_cfg.c **** #include "cyfitter_cfg.h"
  25:Generated_Source\PSoC4/cyfitter_cfg.c **** #include "cyapicallbacks.h"
  26:Generated_Source\PSoC4/cyfitter_cfg.c **** 
  27:Generated_Source\PSoC4/cyfitter_cfg.c **** 
  28:Generated_Source\PSoC4/cyfitter_cfg.c **** #if defined(__GNUC__) || defined(__ARMCC_VERSION)
  29:Generated_Source\PSoC4/cyfitter_cfg.c ****     #define CYPACKED 
  30:Generated_Source\PSoC4/cyfitter_cfg.c ****     #define CYPACKED_ATTR __attribute__ ((packed))
  31:Generated_Source\PSoC4/cyfitter_cfg.c ****     #define CYALIGNED __attribute__ ((aligned))
ARM GAS  C:\Users\mstai\AppData\Local\Temp\ccGpV0hL.s 			page 2


  32:Generated_Source\PSoC4/cyfitter_cfg.c ****     #define CY_CFG_UNUSED __attribute__ ((unused))
  33:Generated_Source\PSoC4/cyfitter_cfg.c ****     #ifndef CY_CFG_SECTION
  34:Generated_Source\PSoC4/cyfitter_cfg.c ****         #define CY_CFG_SECTION __attribute__ ((section(".psocinit")))
  35:Generated_Source\PSoC4/cyfitter_cfg.c ****     #endif
  36:Generated_Source\PSoC4/cyfitter_cfg.c ****     
  37:Generated_Source\PSoC4/cyfitter_cfg.c ****     #if defined(__ARMCC_VERSION)
  38:Generated_Source\PSoC4/cyfitter_cfg.c ****         #define CY_CFG_MEMORY_BARRIER() __memory_changed()
  39:Generated_Source\PSoC4/cyfitter_cfg.c ****     #else
  40:Generated_Source\PSoC4/cyfitter_cfg.c ****         #define CY_CFG_MEMORY_BARRIER() __sync_synchronize()
  41:Generated_Source\PSoC4/cyfitter_cfg.c ****     #endif
  42:Generated_Source\PSoC4/cyfitter_cfg.c ****     
  43:Generated_Source\PSoC4/cyfitter_cfg.c **** #elif defined(__ICCARM__)
  44:Generated_Source\PSoC4/cyfitter_cfg.c ****     #include <intrinsics.h>
  45:Generated_Source\PSoC4/cyfitter_cfg.c **** 
  46:Generated_Source\PSoC4/cyfitter_cfg.c ****     #define CYPACKED __packed
  47:Generated_Source\PSoC4/cyfitter_cfg.c ****     #define CYPACKED_ATTR 
  48:Generated_Source\PSoC4/cyfitter_cfg.c ****     #define CYALIGNED _Pragma("data_alignment=4")
  49:Generated_Source\PSoC4/cyfitter_cfg.c ****     #define CY_CFG_UNUSED _Pragma("diag_suppress=Pe177")
  50:Generated_Source\PSoC4/cyfitter_cfg.c ****     #define CY_CFG_SECTION _Pragma("location=\".psocinit\"")
  51:Generated_Source\PSoC4/cyfitter_cfg.c ****     
  52:Generated_Source\PSoC4/cyfitter_cfg.c ****     #define CY_CFG_MEMORY_BARRIER() __DMB()
  53:Generated_Source\PSoC4/cyfitter_cfg.c ****     
  54:Generated_Source\PSoC4/cyfitter_cfg.c **** #else
  55:Generated_Source\PSoC4/cyfitter_cfg.c ****     #error Unsupported toolchain
  56:Generated_Source\PSoC4/cyfitter_cfg.c **** #endif
  57:Generated_Source\PSoC4/cyfitter_cfg.c **** 
  58:Generated_Source\PSoC4/cyfitter_cfg.c **** #ifndef CYCODE
  59:Generated_Source\PSoC4/cyfitter_cfg.c ****     #define CYCODE
  60:Generated_Source\PSoC4/cyfitter_cfg.c **** #endif
  61:Generated_Source\PSoC4/cyfitter_cfg.c **** #ifndef CYDATA
  62:Generated_Source\PSoC4/cyfitter_cfg.c ****     #define CYDATA
  63:Generated_Source\PSoC4/cyfitter_cfg.c **** #endif
  64:Generated_Source\PSoC4/cyfitter_cfg.c **** #ifndef CYFAR
  65:Generated_Source\PSoC4/cyfitter_cfg.c ****     #define CYFAR
  66:Generated_Source\PSoC4/cyfitter_cfg.c **** #endif
  67:Generated_Source\PSoC4/cyfitter_cfg.c **** #ifndef CYXDATA
  68:Generated_Source\PSoC4/cyfitter_cfg.c ****     #define CYXDATA
  69:Generated_Source\PSoC4/cyfitter_cfg.c **** #endif
  70:Generated_Source\PSoC4/cyfitter_cfg.c **** 
  71:Generated_Source\PSoC4/cyfitter_cfg.c **** 
  72:Generated_Source\PSoC4/cyfitter_cfg.c **** CY_CFG_UNUSED
  73:Generated_Source\PSoC4/cyfitter_cfg.c **** static void CYMEMZERO(void *s, size_t n);
  74:Generated_Source\PSoC4/cyfitter_cfg.c **** CY_CFG_UNUSED
  75:Generated_Source\PSoC4/cyfitter_cfg.c **** static void CYMEMZERO(void *s, size_t n)
  76:Generated_Source\PSoC4/cyfitter_cfg.c **** {
  77:Generated_Source\PSoC4/cyfitter_cfg.c **** 	(void)memset(s, 0, n);
  78:Generated_Source\PSoC4/cyfitter_cfg.c **** }
  79:Generated_Source\PSoC4/cyfitter_cfg.c **** CY_CFG_UNUSED
  80:Generated_Source\PSoC4/cyfitter_cfg.c **** static void CYCONFIGCPY(void *dest, const void *src, size_t n);
  81:Generated_Source\PSoC4/cyfitter_cfg.c **** CY_CFG_UNUSED
  82:Generated_Source\PSoC4/cyfitter_cfg.c **** static void CYCONFIGCPY(void *dest, const void *src, size_t n)
  83:Generated_Source\PSoC4/cyfitter_cfg.c **** {
  84:Generated_Source\PSoC4/cyfitter_cfg.c **** 	(void)memcpy(dest, src, n);
  85:Generated_Source\PSoC4/cyfitter_cfg.c **** }
  86:Generated_Source\PSoC4/cyfitter_cfg.c **** CY_CFG_UNUSED
  87:Generated_Source\PSoC4/cyfitter_cfg.c **** static void CYCONFIGCPYCODE(void *dest, const void *src, size_t n);
  88:Generated_Source\PSoC4/cyfitter_cfg.c **** CY_CFG_UNUSED
ARM GAS  C:\Users\mstai\AppData\Local\Temp\ccGpV0hL.s 			page 3


  89:Generated_Source\PSoC4/cyfitter_cfg.c **** static void CYCONFIGCPYCODE(void *dest, const void *src, size_t n)
  90:Generated_Source\PSoC4/cyfitter_cfg.c **** {
  91:Generated_Source\PSoC4/cyfitter_cfg.c **** 	(void)memcpy(dest, src, n);
  92:Generated_Source\PSoC4/cyfitter_cfg.c **** }
  93:Generated_Source\PSoC4/cyfitter_cfg.c **** 
  94:Generated_Source\PSoC4/cyfitter_cfg.c **** 
  95:Generated_Source\PSoC4/cyfitter_cfg.c **** 
  96:Generated_Source\PSoC4/cyfitter_cfg.c **** 
  97:Generated_Source\PSoC4/cyfitter_cfg.c **** /* Clock startup error codes                                                   */
  98:Generated_Source\PSoC4/cyfitter_cfg.c **** #define CYCLOCKSTART_NO_ERROR    0u
  99:Generated_Source\PSoC4/cyfitter_cfg.c **** #define CYCLOCKSTART_XTAL_ERROR  1u
 100:Generated_Source\PSoC4/cyfitter_cfg.c **** #define CYCLOCKSTART_32KHZ_ERROR 2u
 101:Generated_Source\PSoC4/cyfitter_cfg.c **** #define CYCLOCKSTART_PLL_ERROR   3u
 102:Generated_Source\PSoC4/cyfitter_cfg.c **** #define CYCLOCKSTART_FLL_ERROR   4u
 103:Generated_Source\PSoC4/cyfitter_cfg.c **** #define CYCLOCKSTART_WCO_ERROR   5u
 104:Generated_Source\PSoC4/cyfitter_cfg.c **** 
 105:Generated_Source\PSoC4/cyfitter_cfg.c **** 
 106:Generated_Source\PSoC4/cyfitter_cfg.c **** #ifdef CY_NEED_CYCLOCKSTARTUPERROR
 107:Generated_Source\PSoC4/cyfitter_cfg.c **** /*******************************************************************************
 108:Generated_Source\PSoC4/cyfitter_cfg.c **** * Function Name: CyClockStartupError
 109:Generated_Source\PSoC4/cyfitter_cfg.c **** ********************************************************************************
 110:Generated_Source\PSoC4/cyfitter_cfg.c **** * Summary:
 111:Generated_Source\PSoC4/cyfitter_cfg.c **** *  If an error is encountered during clock configuration (crystal startup error,
 112:Generated_Source\PSoC4/cyfitter_cfg.c **** *  PLL lock error, etc.), the system will end up here.  Unless reimplemented by
 113:Generated_Source\PSoC4/cyfitter_cfg.c **** *  the customer, this function will stop in an infinite loop.
 114:Generated_Source\PSoC4/cyfitter_cfg.c **** *
 115:Generated_Source\PSoC4/cyfitter_cfg.c **** * Parameters:
 116:Generated_Source\PSoC4/cyfitter_cfg.c **** *   void
 117:Generated_Source\PSoC4/cyfitter_cfg.c **** *
 118:Generated_Source\PSoC4/cyfitter_cfg.c **** * Return:
 119:Generated_Source\PSoC4/cyfitter_cfg.c **** *   void
 120:Generated_Source\PSoC4/cyfitter_cfg.c **** *
 121:Generated_Source\PSoC4/cyfitter_cfg.c **** *******************************************************************************/
 122:Generated_Source\PSoC4/cyfitter_cfg.c **** CY_CFG_UNUSED
 123:Generated_Source\PSoC4/cyfitter_cfg.c **** static void CyClockStartupError(uint8 errorCode);
 124:Generated_Source\PSoC4/cyfitter_cfg.c **** CY_CFG_UNUSED
 125:Generated_Source\PSoC4/cyfitter_cfg.c **** static void CyClockStartupError(uint8 errorCode)
 126:Generated_Source\PSoC4/cyfitter_cfg.c **** {
 127:Generated_Source\PSoC4/cyfitter_cfg.c ****     /* To remove the compiler warning if errorCode not used.                */
 128:Generated_Source\PSoC4/cyfitter_cfg.c ****     errorCode = errorCode;
 129:Generated_Source\PSoC4/cyfitter_cfg.c **** 
 130:Generated_Source\PSoC4/cyfitter_cfg.c ****     /* If we have a clock startup error (bad MHz crystal, PLL lock, etc.),  */
 131:Generated_Source\PSoC4/cyfitter_cfg.c ****     /* we will end up here to allow the customer to implement something to  */
 132:Generated_Source\PSoC4/cyfitter_cfg.c ****     /* deal with the clock condition.                                       */
 133:Generated_Source\PSoC4/cyfitter_cfg.c **** 
 134:Generated_Source\PSoC4/cyfitter_cfg.c **** #ifdef CY_CFG_CLOCK_STARTUP_ERROR_CALLBACK
 135:Generated_Source\PSoC4/cyfitter_cfg.c ****     CY_CFG_Clock_Startup_ErrorCallback();
 136:Generated_Source\PSoC4/cyfitter_cfg.c **** #else
 137:Generated_Source\PSoC4/cyfitter_cfg.c ****     /*  If not using CY_CFG_CLOCK_STARTUP_ERROR_CALLBACK, place your clock startup code here. */
 138:Generated_Source\PSoC4/cyfitter_cfg.c ****     /* `#START CyClockStartupError` */
 139:Generated_Source\PSoC4/cyfitter_cfg.c **** 
 140:Generated_Source\PSoC4/cyfitter_cfg.c **** 
 141:Generated_Source\PSoC4/cyfitter_cfg.c **** 
 142:Generated_Source\PSoC4/cyfitter_cfg.c ****     /* `#END` */
 143:Generated_Source\PSoC4/cyfitter_cfg.c **** 
 144:Generated_Source\PSoC4/cyfitter_cfg.c ****     while(1) {}
 145:Generated_Source\PSoC4/cyfitter_cfg.c **** #endif /* CY_CFG_CLOCK_STARTUP_ERROR_CALLBACK */
ARM GAS  C:\Users\mstai\AppData\Local\Temp\ccGpV0hL.s 			page 4


 146:Generated_Source\PSoC4/cyfitter_cfg.c **** }
 147:Generated_Source\PSoC4/cyfitter_cfg.c **** #endif
 148:Generated_Source\PSoC4/cyfitter_cfg.c **** 
 149:Generated_Source\PSoC4/cyfitter_cfg.c **** 
 150:Generated_Source\PSoC4/cyfitter_cfg.c **** 
 151:Generated_Source\PSoC4/cyfitter_cfg.c **** /*******************************************************************************
 152:Generated_Source\PSoC4/cyfitter_cfg.c **** * Function Name: ClockSetup
 153:Generated_Source\PSoC4/cyfitter_cfg.c **** ********************************************************************************
 154:Generated_Source\PSoC4/cyfitter_cfg.c **** *
 155:Generated_Source\PSoC4/cyfitter_cfg.c **** * Summary:
 156:Generated_Source\PSoC4/cyfitter_cfg.c **** *   Performs the initialization of all of the clocks in the device based on the
 157:Generated_Source\PSoC4/cyfitter_cfg.c **** *   settings in the Clock tab of the DWR.  This includes enabling the requested
 158:Generated_Source\PSoC4/cyfitter_cfg.c **** *   clocks and setting the necessary dividers to produce the desired frequency. 
 159:Generated_Source\PSoC4/cyfitter_cfg.c **** *
 160:Generated_Source\PSoC4/cyfitter_cfg.c **** * Parameters:
 161:Generated_Source\PSoC4/cyfitter_cfg.c **** *   void
 162:Generated_Source\PSoC4/cyfitter_cfg.c **** *
 163:Generated_Source\PSoC4/cyfitter_cfg.c **** * Return:
 164:Generated_Source\PSoC4/cyfitter_cfg.c **** *   void
 165:Generated_Source\PSoC4/cyfitter_cfg.c **** *
 166:Generated_Source\PSoC4/cyfitter_cfg.c **** *******************************************************************************/
 167:Generated_Source\PSoC4/cyfitter_cfg.c **** static void ClockSetup(void);
 168:Generated_Source\PSoC4/cyfitter_cfg.c **** CY_CFG_SECTION
 169:Generated_Source\PSoC4/cyfitter_cfg.c **** static void ClockSetup(void)
 170:Generated_Source\PSoC4/cyfitter_cfg.c **** {
 171:Generated_Source\PSoC4/cyfitter_cfg.c **** 
 172:Generated_Source\PSoC4/cyfitter_cfg.c **** 	/* Set Flash Cycles based on max possible frequency in case a glitch occurs during ClockSetup(). *
 173:Generated_Source\PSoC4/cyfitter_cfg.c **** 	CY_SET_REG32((void CYXDATA *)(CYREG_CPUSS_FLASH_CTL), (0x0012u));
 174:Generated_Source\PSoC4/cyfitter_cfg.c **** 	/* Update IMO to new clock speed. */
 175:Generated_Source\PSoC4/cyfitter_cfg.c **** 	CySysClkWriteImoFreq(24u);
 176:Generated_Source\PSoC4/cyfitter_cfg.c **** 
 177:Generated_Source\PSoC4/cyfitter_cfg.c **** 	/* Setup phase aligned clocks */
 178:Generated_Source\PSoC4/cyfitter_cfg.c **** 	CY_SET_REG32((void *)CYREG_PERI_DIV_16_CTL0, 0x0000FE00u);
 179:Generated_Source\PSoC4/cyfitter_cfg.c **** 	CY_SET_REG32((void *)CYREG_PERI_DIV_CMD, 0x8000FF40u);
 180:Generated_Source\PSoC4/cyfitter_cfg.c **** 
 181:Generated_Source\PSoC4/cyfitter_cfg.c **** 	/* CYDEV_CLK_SELECT Starting address: CYDEV_CLK_SELECT */
 182:Generated_Source\PSoC4/cyfitter_cfg.c **** 	CY_SET_REG32((void *)(CYREG_CLK_SELECT), 0x00000004u);
 183:Generated_Source\PSoC4/cyfitter_cfg.c **** 
 184:Generated_Source\PSoC4/cyfitter_cfg.c **** 	/* CYDEV_PERI_PCLK_CTL5 Starting address: CYDEV_PERI_PCLK_CTL5 */
 185:Generated_Source\PSoC4/cyfitter_cfg.c **** 	CY_SET_REG32((void *)(CYREG_PERI_PCLK_CTL5), 0x00000040u);
 186:Generated_Source\PSoC4/cyfitter_cfg.c **** 
 187:Generated_Source\PSoC4/cyfitter_cfg.c **** 	CY_SET_REG32((void *)(CYREG_WCO_WDT_CONFIG), 0x00000000u);
 188:Generated_Source\PSoC4/cyfitter_cfg.c **** 	CySysClkSetTimerSource(CY_SYS_CLK_TIMER_SRC_ILO);
 189:Generated_Source\PSoC4/cyfitter_cfg.c **** 	/* Set Flash Cycles based on newly configured 12.00MHz HFCLK. */
 190:Generated_Source\PSoC4/cyfitter_cfg.c **** 	CY_SET_REG32((void CYXDATA *)(CYREG_CPUSS_FLASH_CTL), (0x0000u));
 191:Generated_Source\PSoC4/cyfitter_cfg.c **** }
 192:Generated_Source\PSoC4/cyfitter_cfg.c **** 
 193:Generated_Source\PSoC4/cyfitter_cfg.c **** 
 194:Generated_Source\PSoC4/cyfitter_cfg.c **** /* Analog API Functions */
 195:Generated_Source\PSoC4/cyfitter_cfg.c **** 
 196:Generated_Source\PSoC4/cyfitter_cfg.c **** 
 197:Generated_Source\PSoC4/cyfitter_cfg.c **** /*******************************************************************************
 198:Generated_Source\PSoC4/cyfitter_cfg.c **** * Function Name: AnalogSetDefault
 199:Generated_Source\PSoC4/cyfitter_cfg.c **** ********************************************************************************
 200:Generated_Source\PSoC4/cyfitter_cfg.c **** *
 201:Generated_Source\PSoC4/cyfitter_cfg.c **** * Summary:
 202:Generated_Source\PSoC4/cyfitter_cfg.c **** *  Sets up the analog portions of the chip to default values based on chip
ARM GAS  C:\Users\mstai\AppData\Local\Temp\ccGpV0hL.s 			page 5


 203:Generated_Source\PSoC4/cyfitter_cfg.c **** *  configuration options from the project.
 204:Generated_Source\PSoC4/cyfitter_cfg.c **** *
 205:Generated_Source\PSoC4/cyfitter_cfg.c **** * Parameters:
 206:Generated_Source\PSoC4/cyfitter_cfg.c **** *  void
 207:Generated_Source\PSoC4/cyfitter_cfg.c **** *
 208:Generated_Source\PSoC4/cyfitter_cfg.c **** * Return:
 209:Generated_Source\PSoC4/cyfitter_cfg.c **** *  void
 210:Generated_Source\PSoC4/cyfitter_cfg.c **** *
 211:Generated_Source\PSoC4/cyfitter_cfg.c **** *******************************************************************************/
 212:Generated_Source\PSoC4/cyfitter_cfg.c **** static void AnalogSetDefault(void);
 213:Generated_Source\PSoC4/cyfitter_cfg.c **** static void AnalogSetDefault(void)
 214:Generated_Source\PSoC4/cyfitter_cfg.c **** {
  27              		.loc 1 214 0
  28              		.cfi_startproc
  29              		@ args = 0, pretend = 0, frame = 0
  30              		@ frame_needed = 0, uses_anonymous_args = 0
  31              		@ link register save eliminated.
 215:Generated_Source\PSoC4/cyfitter_cfg.c **** 	CY_SET_XTND_REG32((void CYFAR *)CYREG_CSD_SW_DSI_SEL, 0x00000010u);
  32              		.loc 1 215 0
  33 0000 1022     		movs	r2, #16
  34 0002 044B     		ldr	r3, .L2
  35 0004 1A60     		str	r2, [r3]
 216:Generated_Source\PSoC4/cyfitter_cfg.c **** 	CY_SET_XTND_REG32((void CYFAR *)CYREG_CTBM0_DFT_CTRL, 0x00000003u);
  36              		.loc 1 216 0
  37 0006 0D3A     		subs	r2, r2, #13
  38 0008 034B     		ldr	r3, .L2+4
  39 000a 1A60     		str	r2, [r3]
 217:Generated_Source\PSoC4/cyfitter_cfg.c **** 	CY_SET_XTND_REG32((void CYFAR *)CYREG_PASS_DSAB_DSAB_CTRL, 0x00000020u);
  40              		.loc 1 217 0
  41 000c 1D32     		adds	r2, r2, #29
  42 000e 034B     		ldr	r3, .L2+8
  43 0010 1A60     		str	r2, [r3]
 218:Generated_Source\PSoC4/cyfitter_cfg.c **** 	/* Variable VDDA is selected; no pumps are enabled by default */
 219:Generated_Source\PSoC4/cyfitter_cfg.c **** }
  44              		.loc 1 219 0
  45              		@ sp needed
  46 0012 7047     		bx	lr
  47              	.L3:
  48              		.align	2
  49              	.L2:
  50 0014 C0022940 		.word	1076429504
  51 0018 30003040 		.word	1076887600
  52 001c 000E3F40 		.word	1077874176
  53              		.cfi_endproc
  54              	.LFE5:
  55              		.size	AnalogSetDefault, .-AnalogSetDefault
  56              		.section	.psocinit,"ax",%progbits
  57              		.align	2
  58              		.code	16
  59              		.thumb_func
  60              		.type	ClockSetup, %function
  61              	ClockSetup:
  62              	.LFB4:
 170:Generated_Source\PSoC4/cyfitter_cfg.c **** 
  63              		.loc 1 170 0
  64              		.cfi_startproc
  65              		@ args = 0, pretend = 0, frame = 0
ARM GAS  C:\Users\mstai\AppData\Local\Temp\ccGpV0hL.s 			page 6


  66              		@ frame_needed = 0, uses_anonymous_args = 0
  67 0000 70B5     		push	{r4, r5, r6, lr}
  68              		.cfi_def_cfa_offset 16
  69              		.cfi_offset 4, -16
  70              		.cfi_offset 5, -12
  71              		.cfi_offset 6, -8
  72              		.cfi_offset 14, -4
 173:Generated_Source\PSoC4/cyfitter_cfg.c **** 	/* Update IMO to new clock speed. */
  73              		.loc 1 173 0
  74 0002 0D4C     		ldr	r4, .L5
  75 0004 1223     		movs	r3, #18
  76 0006 2360     		str	r3, [r4]
 175:Generated_Source\PSoC4/cyfitter_cfg.c **** 
  77              		.loc 1 175 0
  78 0008 1820     		movs	r0, #24
  79 000a FFF7FEFF 		bl	CySysClkWriteImoFreq
  80              	.LVL0:
 178:Generated_Source\PSoC4/cyfitter_cfg.c **** 	CY_SET_REG32((void *)CYREG_PERI_DIV_CMD, 0x8000FF40u);
  81              		.loc 1 178 0
  82 000e FE22     		movs	r2, #254
  83 0010 1202     		lsls	r2, r2, #8
  84 0012 0A4B     		ldr	r3, .L5+4
  85 0014 1A60     		str	r2, [r3]
 179:Generated_Source\PSoC4/cyfitter_cfg.c **** 
  86              		.loc 1 179 0
  87 0016 0A4A     		ldr	r2, .L5+8
  88 0018 0A4B     		ldr	r3, .L5+12
  89 001a 1A60     		str	r2, [r3]
 182:Generated_Source\PSoC4/cyfitter_cfg.c **** 
  90              		.loc 1 182 0
  91 001c 0422     		movs	r2, #4
  92 001e 0A4B     		ldr	r3, .L5+16
  93 0020 1A60     		str	r2, [r3]
 185:Generated_Source\PSoC4/cyfitter_cfg.c **** 
  94              		.loc 1 185 0
  95 0022 3C32     		adds	r2, r2, #60
  96 0024 094B     		ldr	r3, .L5+20
  97 0026 1A60     		str	r2, [r3]
 187:Generated_Source\PSoC4/cyfitter_cfg.c **** 	CySysClkSetTimerSource(CY_SYS_CLK_TIMER_SRC_ILO);
  98              		.loc 1 187 0
  99 0028 0025     		movs	r5, #0
 100 002a 094B     		ldr	r3, .L5+24
 101 002c 1D60     		str	r5, [r3]
 188:Generated_Source\PSoC4/cyfitter_cfg.c **** 	/* Set Flash Cycles based on newly configured 12.00MHz HFCLK. */
 102              		.loc 1 188 0
 103 002e 0020     		movs	r0, #0
 104 0030 FFF7FEFF 		bl	CySysClkSetTimerSource
 105              	.LVL1:
 190:Generated_Source\PSoC4/cyfitter_cfg.c **** }
 106              		.loc 1 190 0
 107 0034 2560     		str	r5, [r4]
 191:Generated_Source\PSoC4/cyfitter_cfg.c **** 
 108              		.loc 1 191 0
 109              		@ sp needed
 110 0036 70BD     		pop	{r4, r5, r6, pc}
 111              	.L6:
 112              		.align	2
ARM GAS  C:\Users\mstai\AppData\Local\Temp\ccGpV0hL.s 			page 7


 113              	.L5:
 114 0038 30001040 		.word	1074790448
 115 003c 00030140 		.word	1073808128
 116 0040 40FF0080 		.word	-2147418304
 117 0044 00000140 		.word	1073807360
 118 0048 28000340 		.word	1073938472
 119 004c 14010140 		.word	1073807636
 120 0050 0C022240 		.word	1075970572
 121              		.cfi_endproc
 122              	.LFE4:
 123              		.size	ClockSetup, .-ClockSetup
 124              		.section	.text.SetAnalogRoutingPumps,"ax",%progbits
 125              		.align	2
 126              		.global	SetAnalogRoutingPumps
 127              		.code	16
 128              		.thumb_func
 129              		.type	SetAnalogRoutingPumps, %function
 130              	SetAnalogRoutingPumps:
 131              	.LFB6:
 220:Generated_Source\PSoC4/cyfitter_cfg.c **** 
 221:Generated_Source\PSoC4/cyfitter_cfg.c **** 
 222:Generated_Source\PSoC4/cyfitter_cfg.c **** /*******************************************************************************
 223:Generated_Source\PSoC4/cyfitter_cfg.c **** * Function Name: SetAnalogRoutingPumps
 224:Generated_Source\PSoC4/cyfitter_cfg.c **** ********************************************************************************
 225:Generated_Source\PSoC4/cyfitter_cfg.c **** *
 226:Generated_Source\PSoC4/cyfitter_cfg.c **** * Summary:
 227:Generated_Source\PSoC4/cyfitter_cfg.c **** * Enables or disables the analog pumps feeding analog routing switches.
 228:Generated_Source\PSoC4/cyfitter_cfg.c **** * Intended to be called at startup, based on the Vdda system configuration;
 229:Generated_Source\PSoC4/cyfitter_cfg.c **** * may be called during operation when the user informs us that the Vdda voltage crossed the pump th
 230:Generated_Source\PSoC4/cyfitter_cfg.c **** *
 231:Generated_Source\PSoC4/cyfitter_cfg.c **** * Parameters:
 232:Generated_Source\PSoC4/cyfitter_cfg.c **** *  enabled - 1 to enable the pumps, 0 to disable the pumps
 233:Generated_Source\PSoC4/cyfitter_cfg.c **** *
 234:Generated_Source\PSoC4/cyfitter_cfg.c **** * Return:
 235:Generated_Source\PSoC4/cyfitter_cfg.c **** *  void
 236:Generated_Source\PSoC4/cyfitter_cfg.c **** *
 237:Generated_Source\PSoC4/cyfitter_cfg.c **** *******************************************************************************/
 238:Generated_Source\PSoC4/cyfitter_cfg.c **** void SetAnalogRoutingPumps(uint8 enabled)
 239:Generated_Source\PSoC4/cyfitter_cfg.c **** {
 132              		.loc 1 239 0
 133              		.cfi_startproc
 134              		@ args = 0, pretend = 0, frame = 0
 135              		@ frame_needed = 0, uses_anonymous_args = 0
 136              		@ link register save eliminated.
 137              	.LVL2:
 240:Generated_Source\PSoC4/cyfitter_cfg.c **** 	uint32 regValue = CY_GET_XTND_REG32((void *)(CYREG_SAR_PUMP_CTRL));
 138              		.loc 1 240 0
 139 0000 0B4B     		ldr	r3, .L12
 140 0002 1B68     		ldr	r3, [r3]
 141              	.LVL3:
 241:Generated_Source\PSoC4/cyfitter_cfg.c **** 	if (enabled != 0u)
 142              		.loc 1 241 0
 143 0004 0028     		cmp	r0, #0
 144 0006 03D0     		beq	.L8
 242:Generated_Source\PSoC4/cyfitter_cfg.c **** 	{
 243:Generated_Source\PSoC4/cyfitter_cfg.c **** 		regValue |= 0x80000000u;
 145              		.loc 1 243 0
ARM GAS  C:\Users\mstai\AppData\Local\Temp\ccGpV0hL.s 			page 8


 146 0008 8022     		movs	r2, #128
 147 000a 1206     		lsls	r2, r2, #24
 148 000c 1343     		orrs	r3, r2
 149              	.LVL4:
 150 000e 01E0     		b	.L9
 151              	.L8:
 244:Generated_Source\PSoC4/cyfitter_cfg.c **** 	}
 245:Generated_Source\PSoC4/cyfitter_cfg.c **** 	else
 246:Generated_Source\PSoC4/cyfitter_cfg.c **** 	{
 247:Generated_Source\PSoC4/cyfitter_cfg.c **** 		regValue &= ~0x80000000u;
 152              		.loc 1 247 0
 153 0010 5B00     		lsls	r3, r3, #1
 154              	.LVL5:
 155 0012 5B08     		lsrs	r3, r3, #1
 156              	.LVL6:
 157              	.L9:
 248:Generated_Source\PSoC4/cyfitter_cfg.c **** 	}
 249:Generated_Source\PSoC4/cyfitter_cfg.c **** 	CY_SET_XTND_REG32((void *)(CYREG_SAR_PUMP_CTRL), regValue);
 158              		.loc 1 249 0
 159 0014 064A     		ldr	r2, .L12
 160 0016 1360     		str	r3, [r2]
 250:Generated_Source\PSoC4/cyfitter_cfg.c **** 	regValue = CY_GET_XTND_REG32((void *)(CYREG_CLK_SELECT));
 161              		.loc 1 250 0
 162 0018 064B     		ldr	r3, .L12+4
 163              	.LVL7:
 164 001a 1B68     		ldr	r3, [r3]
 165              	.LVL8:
 251:Generated_Source\PSoC4/cyfitter_cfg.c **** 	if (enabled != 0u)
 166              		.loc 1 251 0
 167 001c 0028     		cmp	r0, #0
 168 001e 02D0     		beq	.L10
 252:Generated_Source\PSoC4/cyfitter_cfg.c **** 	{
 253:Generated_Source\PSoC4/cyfitter_cfg.c **** 		regValue |= 0x00000020u;
 169              		.loc 1 253 0
 170 0020 2022     		movs	r2, #32
 171 0022 1343     		orrs	r3, r2
 172              	.LVL9:
 173 0024 01E0     		b	.L11
 174              	.L10:
 254:Generated_Source\PSoC4/cyfitter_cfg.c **** 	}
 255:Generated_Source\PSoC4/cyfitter_cfg.c **** 	else
 256:Generated_Source\PSoC4/cyfitter_cfg.c **** 	{
 257:Generated_Source\PSoC4/cyfitter_cfg.c **** 		regValue &= ~0x00000020u;
 175              		.loc 1 257 0
 176 0026 2022     		movs	r2, #32
 177 0028 9343     		bics	r3, r2
 178              	.LVL10:
 179              	.L11:
 258:Generated_Source\PSoC4/cyfitter_cfg.c **** 	}
 259:Generated_Source\PSoC4/cyfitter_cfg.c **** 	CY_SET_XTND_REG32((void *)(CYREG_CLK_SELECT), regValue);
 180              		.loc 1 259 0
 181 002a 024A     		ldr	r2, .L12+4
 182 002c 1360     		str	r3, [r2]
 260:Generated_Source\PSoC4/cyfitter_cfg.c **** }
 183              		.loc 1 260 0
 184              		@ sp needed
 185 002e 7047     		bx	lr
ARM GAS  C:\Users\mstai\AppData\Local\Temp\ccGpV0hL.s 			page 9


 186              	.L13:
 187              		.align	2
 188              	.L12:
 189 0030 80033A40 		.word	1077543808
 190 0034 28000340 		.word	1073938472
 191              		.cfi_endproc
 192              	.LFE6:
 193              		.size	SetAnalogRoutingPumps, .-SetAnalogRoutingPumps
 194              		.section	.psocinit
 195              		.align	2
 196              		.global	cyfitter_cfg
 197              		.code	16
 198              		.thumb_func
 199              		.type	cyfitter_cfg, %function
 200              	cyfitter_cfg:
 201              	.LFB7:
 261:Generated_Source\PSoC4/cyfitter_cfg.c **** 
 262:Generated_Source\PSoC4/cyfitter_cfg.c **** 
 263:Generated_Source\PSoC4/cyfitter_cfg.c **** 
 264:Generated_Source\PSoC4/cyfitter_cfg.c **** 
 265:Generated_Source\PSoC4/cyfitter_cfg.c **** /*******************************************************************************
 266:Generated_Source\PSoC4/cyfitter_cfg.c **** * Function Name: cyfitter_cfg
 267:Generated_Source\PSoC4/cyfitter_cfg.c **** ********************************************************************************
 268:Generated_Source\PSoC4/cyfitter_cfg.c **** * Summary:
 269:Generated_Source\PSoC4/cyfitter_cfg.c **** *  This function is called by the start-up code for the selected device. It
 270:Generated_Source\PSoC4/cyfitter_cfg.c **** *  performs all of the necessary device configuration based on the design
 271:Generated_Source\PSoC4/cyfitter_cfg.c **** *  settings.  This includes settings from the Design Wide Resources (DWR) such
 272:Generated_Source\PSoC4/cyfitter_cfg.c **** *  as Clocks and Pins as well as any component configuration that is necessary.
 273:Generated_Source\PSoC4/cyfitter_cfg.c **** *
 274:Generated_Source\PSoC4/cyfitter_cfg.c **** * Parameters:
 275:Generated_Source\PSoC4/cyfitter_cfg.c **** *   void
 276:Generated_Source\PSoC4/cyfitter_cfg.c **** *
 277:Generated_Source\PSoC4/cyfitter_cfg.c **** * Return:
 278:Generated_Source\PSoC4/cyfitter_cfg.c **** *   void
 279:Generated_Source\PSoC4/cyfitter_cfg.c **** *
 280:Generated_Source\PSoC4/cyfitter_cfg.c **** *******************************************************************************/
 281:Generated_Source\PSoC4/cyfitter_cfg.c **** CY_CFG_SECTION
 282:Generated_Source\PSoC4/cyfitter_cfg.c **** void cyfitter_cfg(void)
 283:Generated_Source\PSoC4/cyfitter_cfg.c **** {
 202              		.loc 1 283 0
 203              		.cfi_startproc
 204              		@ args = 0, pretend = 0, frame = 0
 205              		@ frame_needed = 0, uses_anonymous_args = 0
 206 0054 10B5     		push	{r4, lr}
 207              		.cfi_def_cfa_offset 8
 208              		.cfi_offset 4, -8
 209              		.cfi_offset 14, -4
 284:Generated_Source\PSoC4/cyfitter_cfg.c **** 	/* Disable interrupts by default. Let user enable if/when they want. */
 285:Generated_Source\PSoC4/cyfitter_cfg.c **** 	CyGlobalIntDisable;
 210              		.loc 1 285 0
 211              		.syntax divided
 212              	@ 285 "Generated_Source\PSoC4\cyfitter_cfg.c" 1
 213 0056 72B6     		CPSID   i
 214              	@ 0 "" 2
 286:Generated_Source\PSoC4/cyfitter_cfg.c **** 
 287:Generated_Source\PSoC4/cyfitter_cfg.c **** 	{
 288:Generated_Source\PSoC4/cyfitter_cfg.c **** 		/* HSIOM Starting address: CYDEV_HSIOM_BASE */
ARM GAS  C:\Users\mstai\AppData\Local\Temp\ccGpV0hL.s 			page 10


 289:Generated_Source\PSoC4/cyfitter_cfg.c **** 		CY_SET_REG32((void *)(CYREG_HSIOM_PORT_SEL3), 0x0000EE00u);
 215              		.loc 1 289 0
 216              		.thumb
 217              		.syntax unified
 218 0058 EE22     		movs	r2, #238
 219 005a 1202     		lsls	r2, r2, #8
 220 005c 094B     		ldr	r3, .L15
 221 005e 1A60     		str	r2, [r3]
 290:Generated_Source\PSoC4/cyfitter_cfg.c **** 
 291:Generated_Source\PSoC4/cyfitter_cfg.c **** 	}
 292:Generated_Source\PSoC4/cyfitter_cfg.c **** 
 293:Generated_Source\PSoC4/cyfitter_cfg.c **** 	/* Perform second pass device configuration. These items must be configured in specific order afte
 294:Generated_Source\PSoC4/cyfitter_cfg.c **** 	/* IOPINS0_3 Starting address: CYDEV_GPIO_PRT3_BASE */
 295:Generated_Source\PSoC4/cyfitter_cfg.c **** 	CY_SET_REG32((void *)(CYREG_GPIO_PRT3_PC), 0x00000D80u);
 222              		.loc 1 295 0
 223 0060 D822     		movs	r2, #216
 224 0062 1201     		lsls	r2, r2, #4
 225 0064 084B     		ldr	r3, .L15+4
 226 0066 1A60     		str	r2, [r3]
 296:Generated_Source\PSoC4/cyfitter_cfg.c **** 
 297:Generated_Source\PSoC4/cyfitter_cfg.c **** 	/* IOPINS0_4 Starting address: CYDEV_GPIO_PRT4_BASE */
 298:Generated_Source\PSoC4/cyfitter_cfg.c **** 	CY_SET_REG32((void *)(CYREG_GPIO_PRT4_PC2), 0x00000084u);
 227              		.loc 1 298 0
 228 0068 8422     		movs	r2, #132
 229 006a 084B     		ldr	r3, .L15+8
 230 006c 1A60     		str	r2, [r3]
 299:Generated_Source\PSoC4/cyfitter_cfg.c **** 
 300:Generated_Source\PSoC4/cyfitter_cfg.c **** 	/* IOPINS0_7 Starting address: CYDEV_GPIO_PRT7_BASE */
 301:Generated_Source\PSoC4/cyfitter_cfg.c **** 	CY_SET_REG32((void *)(CYDEV_GPIO_PRT7_BASE), 0x00000002u);
 231              		.loc 1 301 0
 232 006e 823A     		subs	r2, r2, #130
 233 0070 074B     		ldr	r3, .L15+12
 234 0072 1A60     		str	r2, [r3]
 302:Generated_Source\PSoC4/cyfitter_cfg.c **** 	CY_SET_REG32((void *)(CYREG_GPIO_PRT7_PC), 0x00000030u);
 235              		.loc 1 302 0
 236 0074 2E32     		adds	r2, r2, #46
 237 0076 074B     		ldr	r3, .L15+16
 238 0078 1A60     		str	r2, [r3]
 303:Generated_Source\PSoC4/cyfitter_cfg.c **** 
 304:Generated_Source\PSoC4/cyfitter_cfg.c **** 
 305:Generated_Source\PSoC4/cyfitter_cfg.c **** 	/* Setup clocks based on selections from Clock DWR */
 306:Generated_Source\PSoC4/cyfitter_cfg.c **** 	ClockSetup();
 239              		.loc 1 306 0
 240 007a FFF7C1FF 		bl	ClockSetup
 241              	.LVL11:
 307:Generated_Source\PSoC4/cyfitter_cfg.c **** 
 308:Generated_Source\PSoC4/cyfitter_cfg.c **** 	/* Perform basic analog initialization to defaults */
 309:Generated_Source\PSoC4/cyfitter_cfg.c **** 	AnalogSetDefault();
 242              		.loc 1 309 0
 243 007e FFF7FEFF 		bl	AnalogSetDefault
 244              	.LVL12:
 310:Generated_Source\PSoC4/cyfitter_cfg.c **** 
 311:Generated_Source\PSoC4/cyfitter_cfg.c **** }
 245              		.loc 1 311 0
 246              		@ sp needed
 247 0082 10BD     		pop	{r4, pc}
 248              	.L16:
ARM GAS  C:\Users\mstai\AppData\Local\Temp\ccGpV0hL.s 			page 11


 249              		.align	2
 250              	.L15:
 251 0084 00030240 		.word	1073873664
 252 0088 08030440 		.word	1074004744
 253 008c 18040440 		.word	1074005016
 254 0090 00070440 		.word	1074005760
 255 0094 08070440 		.word	1074005768
 256              		.cfi_endproc
 257              	.LFE7:
 258              		.size	cyfitter_cfg, .-cyfitter_cfg
 259              		.text
 260              	.Letext0:
 261              		.file 2 "Generated_Source\\PSoC4\\cytypes.h"
 262              		.file 3 "Generated_Source\\PSoC4\\CyLib.h"
 263              		.file 4 "Generated_Source\\PSoC4\\CyLFClk.h"
 264              		.section	.debug_info,"",%progbits
 265              	.Ldebug_info0:
 266 0000 6F010000 		.4byte	0x16f
 267 0004 0400     		.2byte	0x4
 268 0006 00000000 		.4byte	.Ldebug_abbrev0
 269 000a 04       		.byte	0x4
 270 000b 01       		.uleb128 0x1
 271 000c 90010000 		.4byte	.LASF21
 272 0010 0C       		.byte	0xc
 273 0011 15000000 		.4byte	.LASF22
 274 0015 11010000 		.4byte	.LASF23
 275 0019 00000000 		.4byte	.Ldebug_ranges0+0
 276 001d 00000000 		.4byte	0
 277 0021 00000000 		.4byte	.Ldebug_line0
 278 0025 02       		.uleb128 0x2
 279 0026 04       		.byte	0x4
 280 0027 05       		.byte	0x5
 281 0028 696E7400 		.ascii	"int\000"
 282 002c 03       		.uleb128 0x3
 283 002d 04       		.byte	0x4
 284 002e 07       		.byte	0x7
 285 002f 3B000000 		.4byte	.LASF0
 286 0033 03       		.uleb128 0x3
 287 0034 08       		.byte	0x8
 288 0035 05       		.byte	0x5
 289 0036 00000000 		.4byte	.LASF1
 290 003a 03       		.uleb128 0x3
 291 003b 08       		.byte	0x8
 292 003c 04       		.byte	0x4
 293 003d 69010000 		.4byte	.LASF2
 294 0041 03       		.uleb128 0x3
 295 0042 01       		.byte	0x1
 296 0043 06       		.byte	0x6
 297 0044 5D010000 		.4byte	.LASF3
 298 0048 03       		.uleb128 0x3
 299 0049 01       		.byte	0x1
 300 004a 08       		.byte	0x8
 301 004b B5000000 		.4byte	.LASF4
 302 004f 03       		.uleb128 0x3
 303 0050 02       		.byte	0x2
 304 0051 05       		.byte	0x5
 305 0052 86010000 		.4byte	.LASF5
ARM GAS  C:\Users\mstai\AppData\Local\Temp\ccGpV0hL.s 			page 12


 306 0056 03       		.uleb128 0x3
 307 0057 02       		.byte	0x2
 308 0058 07       		.byte	0x7
 309 0059 4A010000 		.4byte	.LASF6
 310 005d 03       		.uleb128 0x3
 311 005e 04       		.byte	0x4
 312 005f 05       		.byte	0x5
 313 0060 CE000000 		.4byte	.LASF7
 314 0064 03       		.uleb128 0x3
 315 0065 04       		.byte	0x4
 316 0066 07       		.byte	0x7
 317 0067 4E000000 		.4byte	.LASF8
 318 006b 03       		.uleb128 0x3
 319 006c 08       		.byte	0x8
 320 006d 07       		.byte	0x7
 321 006e 6D000000 		.4byte	.LASF9
 322 0072 03       		.uleb128 0x3
 323 0073 04       		.byte	0x4
 324 0074 07       		.byte	0x7
 325 0075 22020000 		.4byte	.LASF10
 326 0079 03       		.uleb128 0x3
 327 007a 01       		.byte	0x1
 328 007b 08       		.byte	0x8
 329 007c C3000000 		.4byte	.LASF11
 330 0080 04       		.uleb128 0x4
 331 0081 48000000 		.4byte	.LASF12
 332 0085 02       		.byte	0x2
 333 0086 E401     		.2byte	0x1e4
 334 0088 48000000 		.4byte	0x48
 335 008c 04       		.uleb128 0x4
 336 008d 0E000000 		.4byte	.LASF13
 337 0091 02       		.byte	0x2
 338 0092 E601     		.2byte	0x1e6
 339 0094 64000000 		.4byte	0x64
 340 0098 03       		.uleb128 0x3
 341 0099 04       		.byte	0x4
 342 009a 04       		.byte	0x4
 343 009b 84000000 		.4byte	.LASF14
 344 009f 03       		.uleb128 0x3
 345 00a0 08       		.byte	0x8
 346 00a1 04       		.byte	0x4
 347 00a2 0A010000 		.4byte	.LASF15
 348 00a6 04       		.uleb128 0x4
 349 00a7 C8000000 		.4byte	.LASF16
 350 00ab 02       		.byte	0x2
 351 00ac 9002     		.2byte	0x290
 352 00ae B2000000 		.4byte	0xb2
 353 00b2 05       		.uleb128 0x5
 354 00b3 8C000000 		.4byte	0x8c
 355 00b7 06       		.uleb128 0x6
 356 00b8 D7000000 		.4byte	.LASF24
 357 00bc 01       		.byte	0x1
 358 00bd D5       		.byte	0xd5
 359 00be 00000000 		.4byte	.LFB5
 360 00c2 20000000 		.4byte	.LFE5-.LFB5
 361 00c6 01       		.uleb128 0x1
 362 00c7 9C       		.byte	0x9c
ARM GAS  C:\Users\mstai\AppData\Local\Temp\ccGpV0hL.s 			page 13


 363 00c8 07       		.uleb128 0x7
 364 00c9 E8000000 		.4byte	.LASF25
 365 00cd 01       		.byte	0x1
 366 00ce A9       		.byte	0xa9
 367 00cf 00000000 		.4byte	.LFB4
 368 00d3 54000000 		.4byte	.LFE4-.LFB4
 369 00d7 01       		.uleb128 0x1
 370 00d8 9C       		.byte	0x9c
 371 00d9 01010000 		.4byte	0x101
 372 00dd 08       		.uleb128 0x8
 373 00de 0E000000 		.4byte	.LVL0
 374 00e2 5C010000 		.4byte	0x15c
 375 00e6 F0000000 		.4byte	0xf0
 376 00ea 09       		.uleb128 0x9
 377 00eb 01       		.uleb128 0x1
 378 00ec 50       		.byte	0x50
 379 00ed 01       		.uleb128 0x1
 380 00ee 48       		.byte	0x48
 381 00ef 00       		.byte	0
 382 00f0 0A       		.uleb128 0xa
 383 00f1 34000000 		.4byte	.LVL1
 384 00f5 67010000 		.4byte	0x167
 385 00f9 09       		.uleb128 0x9
 386 00fa 01       		.uleb128 0x1
 387 00fb 50       		.byte	0x50
 388 00fc 02       		.uleb128 0x2
 389 00fd 75       		.byte	0x75
 390 00fe 00       		.sleb128 0
 391 00ff 00       		.byte	0
 392 0100 00       		.byte	0
 393 0101 0B       		.uleb128 0xb
 394 0102 8A000000 		.4byte	.LASF17
 395 0106 01       		.byte	0x1
 396 0107 EE       		.byte	0xee
 397 0108 00000000 		.4byte	.LFB6
 398 010c 38000000 		.4byte	.LFE6-.LFB6
 399 0110 01       		.uleb128 0x1
 400 0111 9C       		.byte	0x9c
 401 0112 33010000 		.4byte	0x133
 402 0116 0C       		.uleb128 0xc
 403 0117 75010000 		.4byte	.LASF26
 404 011b 01       		.byte	0x1
 405 011c EE       		.byte	0xee
 406 011d 80000000 		.4byte	0x80
 407 0121 01       		.uleb128 0x1
 408 0122 50       		.byte	0x50
 409 0123 0D       		.uleb128 0xd
 410 0124 7D010000 		.4byte	.LASF27
 411 0128 01       		.byte	0x1
 412 0129 F0       		.byte	0xf0
 413 012a 8C000000 		.4byte	0x8c
 414 012e 00000000 		.4byte	.LLST0
 415 0132 00       		.byte	0
 416 0133 0E       		.uleb128 0xe
 417 0134 60000000 		.4byte	.LASF18
 418 0138 01       		.byte	0x1
 419 0139 1A01     		.2byte	0x11a
ARM GAS  C:\Users\mstai\AppData\Local\Temp\ccGpV0hL.s 			page 14


 420 013b 54000000 		.4byte	.LFB7
 421 013f 44000000 		.4byte	.LFE7-.LFB7
 422 0143 01       		.uleb128 0x1
 423 0144 9C       		.byte	0x9c
 424 0145 5C010000 		.4byte	0x15c
 425 0149 0F       		.uleb128 0xf
 426 014a 7E000000 		.4byte	.LVL11
 427 014e C8000000 		.4byte	0xc8
 428 0152 0F       		.uleb128 0xf
 429 0153 82000000 		.4byte	.LVL12
 430 0157 B7000000 		.4byte	0xb7
 431 015b 00       		.byte	0
 432 015c 10       		.uleb128 0x10
 433 015d A0000000 		.4byte	.LASF19
 434 0161 A0000000 		.4byte	.LASF19
 435 0165 03       		.byte	0x3
 436 0166 6C       		.byte	0x6c
 437 0167 10       		.uleb128 0x10
 438 0168 F3000000 		.4byte	.LASF20
 439 016c F3000000 		.4byte	.LASF20
 440 0170 04       		.byte	0x4
 441 0171 9F       		.byte	0x9f
 442 0172 00       		.byte	0
 443              		.section	.debug_abbrev,"",%progbits
 444              	.Ldebug_abbrev0:
 445 0000 01       		.uleb128 0x1
 446 0001 11       		.uleb128 0x11
 447 0002 01       		.byte	0x1
 448 0003 25       		.uleb128 0x25
 449 0004 0E       		.uleb128 0xe
 450 0005 13       		.uleb128 0x13
 451 0006 0B       		.uleb128 0xb
 452 0007 03       		.uleb128 0x3
 453 0008 0E       		.uleb128 0xe
 454 0009 1B       		.uleb128 0x1b
 455 000a 0E       		.uleb128 0xe
 456 000b 55       		.uleb128 0x55
 457 000c 17       		.uleb128 0x17
 458 000d 11       		.uleb128 0x11
 459 000e 01       		.uleb128 0x1
 460 000f 10       		.uleb128 0x10
 461 0010 17       		.uleb128 0x17
 462 0011 00       		.byte	0
 463 0012 00       		.byte	0
 464 0013 02       		.uleb128 0x2
 465 0014 24       		.uleb128 0x24
 466 0015 00       		.byte	0
 467 0016 0B       		.uleb128 0xb
 468 0017 0B       		.uleb128 0xb
 469 0018 3E       		.uleb128 0x3e
 470 0019 0B       		.uleb128 0xb
 471 001a 03       		.uleb128 0x3
 472 001b 08       		.uleb128 0x8
 473 001c 00       		.byte	0
 474 001d 00       		.byte	0
 475 001e 03       		.uleb128 0x3
 476 001f 24       		.uleb128 0x24
ARM GAS  C:\Users\mstai\AppData\Local\Temp\ccGpV0hL.s 			page 15


 477 0020 00       		.byte	0
 478 0021 0B       		.uleb128 0xb
 479 0022 0B       		.uleb128 0xb
 480 0023 3E       		.uleb128 0x3e
 481 0024 0B       		.uleb128 0xb
 482 0025 03       		.uleb128 0x3
 483 0026 0E       		.uleb128 0xe
 484 0027 00       		.byte	0
 485 0028 00       		.byte	0
 486 0029 04       		.uleb128 0x4
 487 002a 16       		.uleb128 0x16
 488 002b 00       		.byte	0
 489 002c 03       		.uleb128 0x3
 490 002d 0E       		.uleb128 0xe
 491 002e 3A       		.uleb128 0x3a
 492 002f 0B       		.uleb128 0xb
 493 0030 3B       		.uleb128 0x3b
 494 0031 05       		.uleb128 0x5
 495 0032 49       		.uleb128 0x49
 496 0033 13       		.uleb128 0x13
 497 0034 00       		.byte	0
 498 0035 00       		.byte	0
 499 0036 05       		.uleb128 0x5
 500 0037 35       		.uleb128 0x35
 501 0038 00       		.byte	0
 502 0039 49       		.uleb128 0x49
 503 003a 13       		.uleb128 0x13
 504 003b 00       		.byte	0
 505 003c 00       		.byte	0
 506 003d 06       		.uleb128 0x6
 507 003e 2E       		.uleb128 0x2e
 508 003f 00       		.byte	0
 509 0040 03       		.uleb128 0x3
 510 0041 0E       		.uleb128 0xe
 511 0042 3A       		.uleb128 0x3a
 512 0043 0B       		.uleb128 0xb
 513 0044 3B       		.uleb128 0x3b
 514 0045 0B       		.uleb128 0xb
 515 0046 27       		.uleb128 0x27
 516 0047 19       		.uleb128 0x19
 517 0048 11       		.uleb128 0x11
 518 0049 01       		.uleb128 0x1
 519 004a 12       		.uleb128 0x12
 520 004b 06       		.uleb128 0x6
 521 004c 40       		.uleb128 0x40
 522 004d 18       		.uleb128 0x18
 523 004e 9742     		.uleb128 0x2117
 524 0050 19       		.uleb128 0x19
 525 0051 00       		.byte	0
 526 0052 00       		.byte	0
 527 0053 07       		.uleb128 0x7
 528 0054 2E       		.uleb128 0x2e
 529 0055 01       		.byte	0x1
 530 0056 03       		.uleb128 0x3
 531 0057 0E       		.uleb128 0xe
 532 0058 3A       		.uleb128 0x3a
 533 0059 0B       		.uleb128 0xb
ARM GAS  C:\Users\mstai\AppData\Local\Temp\ccGpV0hL.s 			page 16


 534 005a 3B       		.uleb128 0x3b
 535 005b 0B       		.uleb128 0xb
 536 005c 27       		.uleb128 0x27
 537 005d 19       		.uleb128 0x19
 538 005e 11       		.uleb128 0x11
 539 005f 01       		.uleb128 0x1
 540 0060 12       		.uleb128 0x12
 541 0061 06       		.uleb128 0x6
 542 0062 40       		.uleb128 0x40
 543 0063 18       		.uleb128 0x18
 544 0064 9742     		.uleb128 0x2117
 545 0066 19       		.uleb128 0x19
 546 0067 01       		.uleb128 0x1
 547 0068 13       		.uleb128 0x13
 548 0069 00       		.byte	0
 549 006a 00       		.byte	0
 550 006b 08       		.uleb128 0x8
 551 006c 898201   		.uleb128 0x4109
 552 006f 01       		.byte	0x1
 553 0070 11       		.uleb128 0x11
 554 0071 01       		.uleb128 0x1
 555 0072 31       		.uleb128 0x31
 556 0073 13       		.uleb128 0x13
 557 0074 01       		.uleb128 0x1
 558 0075 13       		.uleb128 0x13
 559 0076 00       		.byte	0
 560 0077 00       		.byte	0
 561 0078 09       		.uleb128 0x9
 562 0079 8A8201   		.uleb128 0x410a
 563 007c 00       		.byte	0
 564 007d 02       		.uleb128 0x2
 565 007e 18       		.uleb128 0x18
 566 007f 9142     		.uleb128 0x2111
 567 0081 18       		.uleb128 0x18
 568 0082 00       		.byte	0
 569 0083 00       		.byte	0
 570 0084 0A       		.uleb128 0xa
 571 0085 898201   		.uleb128 0x4109
 572 0088 01       		.byte	0x1
 573 0089 11       		.uleb128 0x11
 574 008a 01       		.uleb128 0x1
 575 008b 31       		.uleb128 0x31
 576 008c 13       		.uleb128 0x13
 577 008d 00       		.byte	0
 578 008e 00       		.byte	0
 579 008f 0B       		.uleb128 0xb
 580 0090 2E       		.uleb128 0x2e
 581 0091 01       		.byte	0x1
 582 0092 3F       		.uleb128 0x3f
 583 0093 19       		.uleb128 0x19
 584 0094 03       		.uleb128 0x3
 585 0095 0E       		.uleb128 0xe
 586 0096 3A       		.uleb128 0x3a
 587 0097 0B       		.uleb128 0xb
 588 0098 3B       		.uleb128 0x3b
 589 0099 0B       		.uleb128 0xb
 590 009a 27       		.uleb128 0x27
ARM GAS  C:\Users\mstai\AppData\Local\Temp\ccGpV0hL.s 			page 17


 591 009b 19       		.uleb128 0x19
 592 009c 11       		.uleb128 0x11
 593 009d 01       		.uleb128 0x1
 594 009e 12       		.uleb128 0x12
 595 009f 06       		.uleb128 0x6
 596 00a0 40       		.uleb128 0x40
 597 00a1 18       		.uleb128 0x18
 598 00a2 9742     		.uleb128 0x2117
 599 00a4 19       		.uleb128 0x19
 600 00a5 01       		.uleb128 0x1
 601 00a6 13       		.uleb128 0x13
 602 00a7 00       		.byte	0
 603 00a8 00       		.byte	0
 604 00a9 0C       		.uleb128 0xc
 605 00aa 05       		.uleb128 0x5
 606 00ab 00       		.byte	0
 607 00ac 03       		.uleb128 0x3
 608 00ad 0E       		.uleb128 0xe
 609 00ae 3A       		.uleb128 0x3a
 610 00af 0B       		.uleb128 0xb
 611 00b0 3B       		.uleb128 0x3b
 612 00b1 0B       		.uleb128 0xb
 613 00b2 49       		.uleb128 0x49
 614 00b3 13       		.uleb128 0x13
 615 00b4 02       		.uleb128 0x2
 616 00b5 18       		.uleb128 0x18
 617 00b6 00       		.byte	0
 618 00b7 00       		.byte	0
 619 00b8 0D       		.uleb128 0xd
 620 00b9 34       		.uleb128 0x34
 621 00ba 00       		.byte	0
 622 00bb 03       		.uleb128 0x3
 623 00bc 0E       		.uleb128 0xe
 624 00bd 3A       		.uleb128 0x3a
 625 00be 0B       		.uleb128 0xb
 626 00bf 3B       		.uleb128 0x3b
 627 00c0 0B       		.uleb128 0xb
 628 00c1 49       		.uleb128 0x49
 629 00c2 13       		.uleb128 0x13
 630 00c3 02       		.uleb128 0x2
 631 00c4 17       		.uleb128 0x17
 632 00c5 00       		.byte	0
 633 00c6 00       		.byte	0
 634 00c7 0E       		.uleb128 0xe
 635 00c8 2E       		.uleb128 0x2e
 636 00c9 01       		.byte	0x1
 637 00ca 3F       		.uleb128 0x3f
 638 00cb 19       		.uleb128 0x19
 639 00cc 03       		.uleb128 0x3
 640 00cd 0E       		.uleb128 0xe
 641 00ce 3A       		.uleb128 0x3a
 642 00cf 0B       		.uleb128 0xb
 643 00d0 3B       		.uleb128 0x3b
 644 00d1 05       		.uleb128 0x5
 645 00d2 27       		.uleb128 0x27
 646 00d3 19       		.uleb128 0x19
 647 00d4 11       		.uleb128 0x11
ARM GAS  C:\Users\mstai\AppData\Local\Temp\ccGpV0hL.s 			page 18


 648 00d5 01       		.uleb128 0x1
 649 00d6 12       		.uleb128 0x12
 650 00d7 06       		.uleb128 0x6
 651 00d8 40       		.uleb128 0x40
 652 00d9 18       		.uleb128 0x18
 653 00da 9742     		.uleb128 0x2117
 654 00dc 19       		.uleb128 0x19
 655 00dd 01       		.uleb128 0x1
 656 00de 13       		.uleb128 0x13
 657 00df 00       		.byte	0
 658 00e0 00       		.byte	0
 659 00e1 0F       		.uleb128 0xf
 660 00e2 898201   		.uleb128 0x4109
 661 00e5 00       		.byte	0
 662 00e6 11       		.uleb128 0x11
 663 00e7 01       		.uleb128 0x1
 664 00e8 31       		.uleb128 0x31
 665 00e9 13       		.uleb128 0x13
 666 00ea 00       		.byte	0
 667 00eb 00       		.byte	0
 668 00ec 10       		.uleb128 0x10
 669 00ed 2E       		.uleb128 0x2e
 670 00ee 00       		.byte	0
 671 00ef 3F       		.uleb128 0x3f
 672 00f0 19       		.uleb128 0x19
 673 00f1 3C       		.uleb128 0x3c
 674 00f2 19       		.uleb128 0x19
 675 00f3 6E       		.uleb128 0x6e
 676 00f4 0E       		.uleb128 0xe
 677 00f5 03       		.uleb128 0x3
 678 00f6 0E       		.uleb128 0xe
 679 00f7 3A       		.uleb128 0x3a
 680 00f8 0B       		.uleb128 0xb
 681 00f9 3B       		.uleb128 0x3b
 682 00fa 0B       		.uleb128 0xb
 683 00fb 00       		.byte	0
 684 00fc 00       		.byte	0
 685 00fd 00       		.byte	0
 686              		.section	.debug_loc,"",%progbits
 687              	.Ldebug_loc0:
 688              	.LLST0:
 689 0000 04000000 		.4byte	.LVL3
 690 0004 12000000 		.4byte	.LVL5
 691 0008 0100     		.2byte	0x1
 692 000a 53       		.byte	0x53
 693 000b 14000000 		.4byte	.LVL6
 694 000f 1A000000 		.4byte	.LVL7
 695 0013 0100     		.2byte	0x1
 696 0015 53       		.byte	0x53
 697 0016 1A000000 		.4byte	.LVL7
 698 001a 1C000000 		.4byte	.LVL8
 699 001e 0200     		.2byte	0x2
 700 0020 72       		.byte	0x72
 701 0021 00       		.sleb128 0
 702 0022 1C000000 		.4byte	.LVL8
 703 0026 38000000 		.4byte	.LFE6
 704 002a 0100     		.2byte	0x1
ARM GAS  C:\Users\mstai\AppData\Local\Temp\ccGpV0hL.s 			page 19


 705 002c 53       		.byte	0x53
 706 002d 00000000 		.4byte	0
 707 0031 00000000 		.4byte	0
 708              		.section	.debug_aranges,"",%progbits
 709 0000 34000000 		.4byte	0x34
 710 0004 0200     		.2byte	0x2
 711 0006 00000000 		.4byte	.Ldebug_info0
 712 000a 04       		.byte	0x4
 713 000b 00       		.byte	0
 714 000c 0000     		.2byte	0
 715 000e 0000     		.2byte	0
 716 0010 00000000 		.4byte	.LFB5
 717 0014 20000000 		.4byte	.LFE5-.LFB5
 718 0018 00000000 		.4byte	.LFB4
 719 001c 54000000 		.4byte	.LFE4-.LFB4
 720 0020 00000000 		.4byte	.LFB6
 721 0024 38000000 		.4byte	.LFE6-.LFB6
 722 0028 54000000 		.4byte	.LFB7
 723 002c 44000000 		.4byte	.LFE7-.LFB7
 724 0030 00000000 		.4byte	0
 725 0034 00000000 		.4byte	0
 726              		.section	.debug_ranges,"",%progbits
 727              	.Ldebug_ranges0:
 728 0000 00000000 		.4byte	.LFB5
 729 0004 20000000 		.4byte	.LFE5
 730 0008 00000000 		.4byte	.LFB4
 731 000c 54000000 		.4byte	.LFE4
 732 0010 00000000 		.4byte	.LFB6
 733 0014 38000000 		.4byte	.LFE6
 734 0018 54000000 		.4byte	.LFB7
 735 001c 98000000 		.4byte	.LFE7
 736 0020 00000000 		.4byte	0
 737 0024 00000000 		.4byte	0
 738              		.section	.debug_line,"",%progbits
 739              	.Ldebug_line0:
 740 0000 BD000000 		.section	.debug_str,"MS",%progbits,1
 740      02006100 
 740      00000201 
 740      FB0E0D00 
 740      01010101 
 741              	.LASF1:
 742 0000 6C6F6E67 		.ascii	"long long int\000"
 742      206C6F6E 
 742      6720696E 
 742      7400
 743              	.LASF13:
 744 000e 75696E74 		.ascii	"uint32\000"
 744      333200
 745              	.LASF22:
 746 0015 47656E65 		.ascii	"Generated_Source\\PSoC4\\cyfitter_cfg.c\000"
 746      72617465 
 746      645F536F 
 746      75726365 
 746      5C50536F 
 747              	.LASF0:
 748 003b 756E7369 		.ascii	"unsigned int\000"
 748      676E6564 
ARM GAS  C:\Users\mstai\AppData\Local\Temp\ccGpV0hL.s 			page 20


 748      20696E74 
 748      00
 749              	.LASF12:
 750 0048 75696E74 		.ascii	"uint8\000"
 750      3800
 751              	.LASF8:
 752 004e 6C6F6E67 		.ascii	"long unsigned int\000"
 752      20756E73 
 752      69676E65 
 752      6420696E 
 752      7400
 753              	.LASF18:
 754 0060 63796669 		.ascii	"cyfitter_cfg\000"
 754      74746572 
 754      5F636667 
 754      00
 755              	.LASF9:
 756 006d 6C6F6E67 		.ascii	"long long unsigned int\000"
 756      206C6F6E 
 756      6720756E 
 756      7369676E 
 756      65642069 
 757              	.LASF14:
 758 0084 666C6F61 		.ascii	"float\000"
 758      7400
 759              	.LASF17:
 760 008a 53657441 		.ascii	"SetAnalogRoutingPumps\000"
 760      6E616C6F 
 760      67526F75 
 760      74696E67 
 760      50756D70 
 761              	.LASF19:
 762 00a0 43795379 		.ascii	"CySysClkWriteImoFreq\000"
 762      73436C6B 
 762      57726974 
 762      65496D6F 
 762      46726571 
 763              	.LASF4:
 764 00b5 756E7369 		.ascii	"unsigned char\000"
 764      676E6564 
 764      20636861 
 764      7200
 765              	.LASF11:
 766 00c3 63686172 		.ascii	"char\000"
 766      00
 767              	.LASF16:
 768 00c8 72656733 		.ascii	"reg32\000"
 768      3200
 769              	.LASF7:
 770 00ce 6C6F6E67 		.ascii	"long int\000"
 770      20696E74 
 770      00
 771              	.LASF24:
 772 00d7 416E616C 		.ascii	"AnalogSetDefault\000"
 772      6F675365 
 772      74446566 
 772      61756C74 
ARM GAS  C:\Users\mstai\AppData\Local\Temp\ccGpV0hL.s 			page 21


 772      00
 773              	.LASF25:
 774 00e8 436C6F63 		.ascii	"ClockSetup\000"
 774      6B536574 
 774      757000
 775              	.LASF20:
 776 00f3 43795379 		.ascii	"CySysClkSetTimerSource\000"
 776      73436C6B 
 776      53657454 
 776      696D6572 
 776      536F7572 
 777              	.LASF15:
 778 010a 646F7562 		.ascii	"double\000"
 778      6C6500
 779              	.LASF23:
 780 0111 433A5C55 		.ascii	"C:\\Users\\mstai\\OneDrive\\Desktop\\TESI ROBOTICA\\"
 780      73657273 
 780      5C6D7374 
 780      61695C4F 
 780      6E654472 
 781 013f 434D4153 		.ascii	"CMAS.cydsn\000"
 781      2E637964 
 781      736E00
 782              	.LASF6:
 783 014a 73686F72 		.ascii	"short unsigned int\000"
 783      7420756E 
 783      7369676E 
 783      65642069 
 783      6E7400
 784              	.LASF3:
 785 015d 7369676E 		.ascii	"signed char\000"
 785      65642063 
 785      68617200 
 786              	.LASF2:
 787 0169 6C6F6E67 		.ascii	"long double\000"
 787      20646F75 
 787      626C6500 
 788              	.LASF26:
 789 0175 656E6162 		.ascii	"enabled\000"
 789      6C656400 
 790              	.LASF27:
 791 017d 72656756 		.ascii	"regValue\000"
 791      616C7565 
 791      00
 792              	.LASF5:
 793 0186 73686F72 		.ascii	"short int\000"
 793      7420696E 
 793      7400
 794              	.LASF21:
 795 0190 474E5520 		.ascii	"GNU C11 5.4.1 20160609 (release) [ARM/embedded-5-br"
 795      43313120 
 795      352E342E 
 795      31203230 
 795      31363036 
 796 01c3 616E6368 		.ascii	"anch revision 237715] -mcpu=cortex-m0plus -mthumb -"
 796      20726576 
 796      6973696F 
ARM GAS  C:\Users\mstai\AppData\Local\Temp\ccGpV0hL.s 			page 22


 796      6E203233 
 796      37373135 
 797 01f6 67202D4F 		.ascii	"g -Og -ffunction-sections -ffat-lto-objects\000"
 797      67202D66 
 797      66756E63 
 797      74696F6E 
 797      2D736563 
 798              	.LASF10:
 799 0222 73697A65 		.ascii	"sizetype\000"
 799      74797065 
 799      00
 800              		.ident	"GCC: (GNU Tools for ARM Embedded Processors) 5.4.1 20160609 (release) [ARM/embedded-5-bran
