ARM GAS  C:\Users\mstai\AppData\Local\Temp\cc9XfHQv.s 			page 1


   1              		.syntax unified
   2              		.cpu cortex-m0plus
   3              		.fpu softvfp
   4              		.eabi_attribute 20, 1
   5              		.eabi_attribute 21, 1
   6              		.eabi_attribute 23, 3
   7              		.eabi_attribute 24, 1
   8              		.eabi_attribute 25, 1
   9              		.eabi_attribute 26, 1
  10              		.eabi_attribute 30, 1
  11              		.eabi_attribute 34, 0
  12              		.eabi_attribute 18, 4
  13              		.thumb
  14              		.syntax unified
  15              		.file	"main.c"
  16              		.text
  17              	.Ltext0:
  18              		.cfi_sections	.debug_frame
  19              		.section	.text.main,"ax",%progbits
  20              		.align	2
  21              		.global	main
  22              		.code	16
  23              		.thumb_func
  24              		.type	main, %function
  25              	main:
  26              	.LFB34:
  27              		.file 1 "main.c"
   1:main.c        **** /******************************************************************************
   2:main.c        **** * File Name: main.c
   3:main.c        **** *
   4:main.c        **** * Version 2.10
   5:main.c        **** *
   6:main.c        **** * Description: 
   7:main.c        **** *  This code allows to calibrate the sensor and print its state and capacitance.
   8:main.c        **** *
   9:main.c        **** *******************************************************************************
  10:main.c        **** * Copyright (2018), Cypress Semiconductor Corporation. All rights reserved.
  11:main.c        **** *******************************************************************************
  12:main.c        **** * This software, including source code, documentation and related materials
  13:main.c        **** * (“Software”), is owned by Cypress Semiconductor Corporation or one of its
  14:main.c        **** * subsidiaries (“Cypress”) and is protected by and subject to worldwide patent
  15:main.c        **** * protection (United States and foreign), United States copyright laws and
  16:main.c        **** * international treaty provisions. Therefore, you may use this Software only
  17:main.c        **** * as provided in the license agreement accompanying the software package from
  18:main.c        **** * which you obtained this Software (“EULA”).
  19:main.c        **** *
  20:main.c        **** * If no EULA applies, Cypress hereby grants you a personal, nonexclusive,
  21:main.c        **** * non-transferable license to copy, modify, and compile the Software source
  22:main.c        **** * code solely for use in connection with Cypress’s integrated circuit products.
  23:main.c        **** * Any reproduction, modification, translation, compilation, or representation
  24:main.c        **** * of this Software except as specified above is prohibited without the express
  25:main.c        **** * written permission of Cypress.
  26:main.c        **** *
  27:main.c        **** * Disclaimer: THIS SOFTWARE IS PROVIDED AS-IS, WITH NO WARRANTY OF ANY KIND, 
  28:main.c        **** * EXPRESS OR IMPLIED, INCLUDING, BUT NOT LIMITED TO, NONINFRINGEMENT, IMPLIED 
  29:main.c        **** * WARRANTIES OF MERCHANTABILITY AND FITNESS FOR A PARTICULAR PURPOSE. Cypress 
  30:main.c        **** * reserves the right to make changes to the Software without notice. Cypress 
ARM GAS  C:\Users\mstai\AppData\Local\Temp\cc9XfHQv.s 			page 2


  31:main.c        **** * does not assume any liability arising out of the application or use of the 
  32:main.c        **** * Software or any product or circuit described in the Software. Cypress does 
  33:main.c        **** * not authorize its products for use in any products where a malfunction or 
  34:main.c        **** * failure of the Cypress product may reasonably be expected to result in 
  35:main.c        **** * significant property damage, injury or death (“High Risk Product”). By 
  36:main.c        **** * including Cypress’s product in a High Risk Product, the manufacturer of such 
  37:main.c        **** * system or application assumes all risk of such use and in doing so agrees to 
  38:main.c        **** * indemnify Cypress against all liability. 
  39:main.c        **** *******************************************************************************/
  40:main.c        **** 
  41:main.c        **** #include <project.h>
  42:main.c        **** #include <stdio.h>
  43:main.c        **** #include <stdbool.h>
  44:main.c        **** 
  45:main.c        **** #define SEND_INTERVAL       (1u)
  46:main.c        **** 
  47:main.c        **** 
  48:main.c        **** /******************************************************************************
  49:main.c        **** * Function Name: main
  50:main.c        **** *******************************************************************************
  51:main.c        **** *
  52:main.c        **** * Summary:
  53:main.c        **** *  This function:
  54:main.c        **** *  1. Calibrate SW parameters of the sensor
  55:main.c        **** *  2. send through SW_Tx_UART the state and the capacitance (pF)
  56:main.c        **** *
  57:main.c        **** ******************************************************************************/
  58:main.c        **** 
  59:main.c        **** uint32 GetMax(int n, uint32 x[n]);
  60:main.c        **** 
  61:main.c        **** int main()
  62:main.c        **** {
  28              		.loc 1 62 0
  29              		.cfi_startproc
  30              		@ args = 0, pretend = 0, frame = 8
  31              		@ frame_needed = 0, uses_anonymous_args = 0
  32 0000 10B5     		push	{r4, lr}
  33              		.cfi_def_cfa_offset 8
  34              		.cfi_offset 4, -8
  35              		.cfi_offset 14, -4
  36 0002 82B0     		sub	sp, sp, #8
  37              		.cfi_def_cfa_offset 16
  38              	.LVL0:
  63:main.c        ****     uint32 cap = 0; //variable to store measured capacitance
  64:main.c        ****     char8 cap_uart[4]; //string to send capacitance through UART
  65:main.c        ****     //uint32 finger_th = 0; //variable to store finger treshold param
  66:main.c        ****     //uint32 diff_count[1000]; //array that stores all raw counts
  67:main.c        ****     //uint32 diff_calibrate; //variable that take the max raw count
  68:main.c        ****     //uint32 diff; //variable that stores real time raw count
  69:main.c        ****     //uint32 state = 0; //variable to store state
  70:main.c        ****     //uint32 noise;
  71:main.c        ****     //char8 state_uart[4]; //string to send state condition through UART
  72:main.c        ****     //char8 diff_uart[4]; //string to send state condition through UART
  73:main.c        ****     //char8 noise_uart[4]; //string to send state condition through UART
  74:main.c        ****     //uint32 noise_th = 0; //variable to store noise treshold
  75:main.c        ****     //uint32 hysterisis = 0; //variable to store hysterisis
  76:main.c        ****     CapSense_TST_MEASUREMENT_STATUS_ENUM temp; 
ARM GAS  C:\Users\mstai\AppData\Local\Temp\cc9XfHQv.s 			page 3


  77:main.c        ****     //bool flag = true; //variable to control calibration
  78:main.c        ****     
  79:main.c        ****     CyGlobalIntEnable;
  39              		.loc 1 79 0
  40              		.syntax divided
  41              	@ 79 "main.c" 1
  42 0004 62B6     		CPSIE   i
  43              	@ 0 "" 2
  80:main.c        ****     
  81:main.c        ****     /* Start the SW_Tx_UART Component */
  82:main.c        ****     SW_Tx_UART_Start();
  44              		.loc 1 82 0
  45              		.thumb
  46              		.syntax unified
  47 0006 FFF7FEFF 		bl	SW_Tx_UART_Start
  48              	.LVL1:
  83:main.c        ****     
  84:main.c        ****     /* Start the CapSense Component*/
  85:main.c        ****     CapSense_Start();
  49              		.loc 1 85 0
  50 000a FFF7FEFF 		bl	CapSense_Start
  51              	.LVL2:
  86:main.c        ****     
  87:main.c        ****     /*Scan all widgets before process them*/
  88:main.c        ****     CapSense_ScanAllWidgets();
  52              		.loc 1 88 0
  53 000e FFF7FEFF 		bl	CapSense_ScanAllWidgets
  54              	.LVL3:
  55              	.L2:
  89:main.c        ****     
  90:main.c        ****     for(;;)
  91:main.c        ****     {
  92:main.c        ****         if(CapSense_IsBusy() == CapSense_NOT_BUSY){
  56              		.loc 1 92 0
  57 0012 FFF7FEFF 		bl	CapSense_IsBusy
  58              	.LVL4:
  59 0016 0028     		cmp	r0, #0
  60 0018 FBD1     		bne	.L2
  93:main.c        ****             
  94:main.c        ****             /*Process all widgets*/
  95:main.c        ****             CapSense_ProcessAllWidgets();
  61              		.loc 1 95 0
  62 001a FFF7FEFF 		bl	CapSense_ProcessAllWidgets
  63              	.LVL5:
  96:main.c        ****             
  97:main.c        ****             /*Establish a communication with the tuner to take more accurate measurements*/
  98:main.c        ****             CapSense_RunTuner();
  64              		.loc 1 98 0
  65 001e FFF7FEFF 		bl	CapSense_RunTuner
  66              	.LVL6:
  99:main.c        ****             
 100:main.c        ****             /*Get the capacitance of the sensor*/
 101:main.c        ****             cap = CapSense_GetSensorCapacitance(CapSense_TAXEL_WDGT_ID, CapSense_TAXEL_SNS0_ID, &te
  67              		.loc 1 101 0
  68 0022 6B46     		mov	r3, sp
  69 0024 DA1C     		adds	r2, r3, #3
  70 0026 0021     		movs	r1, #0
ARM GAS  C:\Users\mstai\AppData\Local\Temp\cc9XfHQv.s 			page 4


  71 0028 0020     		movs	r0, #0
  72 002a FFF7FEFF 		bl	CapSense_GetSensorCapacitance
  73              	.LVL7:
  74 002e 0400     		movs	r4, r0
  75              	.LVL8:
 102:main.c        ****             
 103:main.c        ****             /********************CALIBRATION START******************************/
 104:main.c        ****             
 105:main.c        ****             if(CapSense_IsSensorActive(CapSense_TAXEL_WDGT_ID, CapSense_TAXEL_SNS0_ID) /*&& flag ==
  76              		.loc 1 105 0
  77 0030 0021     		movs	r1, #0
  78 0032 0020     		movs	r0, #0
  79              	.LVL9:
  80 0034 FFF7FEFF 		bl	CapSense_IsSensorActive
  81              	.LVL10:
 106:main.c        ****                 //SW_Tx_UART_PutString("START CALIBRATION ");
 107:main.c        ****                 
 108:main.c        ****                 //for(int i=0; i<1000; i++){
 109:main.c        ****                     
 110:main.c        ****                     /*Take raw counts values in 1ms*/
 111:main.c        ****                     //diff_count[i] = CapSense_TAXEL_SNS0_DIFF_VALUE;
 112:main.c        **** 
 113:main.c        ****                     //}
 114:main.c        ****                     /*Get the max signal to set thresholds*/
 115:main.c        ****                     //diff_calibrate = GetMax(1000,diff_count);
 116:main.c        ****             
 117:main.c        ****                     /*Set the finger treshold for the touch event (80% of the signal)*/
 118:main.c        ****                     //finger_th = diff_calibrate * 0.8;
 119:main.c        ****                     //CapSense_SetParam(CapSense_TAXEL_FINGER_TH_VALUE, finger_th);
 120:main.c        ****             
 121:main.c        ****                     /*Set the noise treshold (40% of the signal)*/
 122:main.c        ****                     //noise_th = diff_calibrate * 0.4;
 123:main.c        ****                     //CapSense_SetParam(CapSense_TAXEL_NOISE_TH_VALUE, noise_th);
 124:main.c        ****             
 125:main.c        ****                     /*Set the hysterisis (10% of the signal)*/
 126:main.c        ****                     //hysterisis = diff_calibrate * 0.1;
 127:main.c        ****                     //CapSense_SetParam(CapSense_TAXEL_HYSTERESIS_VALUE, hysterisis);
 128:main.c        ****                     //flag = false;
 129:main.c        ****                     //SW_Tx_UART_PutString(" END CALIBRATION");
 130:main.c        ****                 }
 131:main.c        ****             /********************CALIBRATION END******************************/
 132:main.c        ****                 
 133:main.c        ****             /*get the real time signal*/
 134:main.c        ****             //noise = CapSense_TAXEL_SNS0_RAW0_VALUE;
 135:main.c        ****             
 136:main.c        ****             
 137:main.c        ****             
 138:main.c        ****             /*Get the touch event (0 No, 1 Yes)*/
 139:main.c        ****             //if(diff<=(finger_th+hysterisis)){
 140:main.c        ****             //    state = 0;
 141:main.c        ****             //}
 142:main.c        ****             
 143:main.c        ****             //else{
 144:main.c        ****             //    state = 1;
 145:main.c        ****             //}
 146:main.c        ****             
 147:main.c        ****             /*convert uint in string to put in UART*/
ARM GAS  C:\Users\mstai\AppData\Local\Temp\cc9XfHQv.s 			page 5


 148:main.c        ****             //sprintf(state_uart, "%lu", state);
 149:main.c        ****             sprintf(cap_uart, "%lu", cap);
  82              		.loc 1 149 0
  83 0038 2200     		movs	r2, r4
  84 003a 0649     		ldr	r1, .L4
  85 003c 01A8     		add	r0, sp, #4
  86 003e FFF7FEFF 		bl	sprintf
  87              	.LVL11:
 150:main.c        ****             
 151:main.c        ****             //sprintf(diff_uart, "%lu", diff);
 152:main.c        ****             //sprintf(noise_uart, "%lu", noise);
 153:main.c        ****             
 154:main.c        ****             /*sending state and capacitance with CSV format*/
 155:main.c        ****             //SW_Tx_UART_PutString(state_uart);
 156:main.c        ****             //SW_Tx_UART_PutString(",");
 157:main.c        ****             SW_Tx_UART_PutString(cap_uart);
  88              		.loc 1 157 0
  89 0042 01A8     		add	r0, sp, #4
  90 0044 FFF7FEFF 		bl	SW_Tx_UART_PutString
  91              	.LVL12:
 158:main.c        ****             //SW_Tx_UART_PutString(diff_uart);
 159:main.c        ****             SW_Tx_UART_PutString(",");
  92              		.loc 1 159 0
  93 0048 0348     		ldr	r0, .L4+4
  94 004a FFF7FEFF 		bl	SW_Tx_UART_PutString
  95              	.LVL13:
 160:main.c        ****             //SW_Tx_UART_PutString(noise_uart);
 161:main.c        ****             CapSense_ScanAllWidgets();
  96              		.loc 1 161 0
  97 004e FFF7FEFF 		bl	CapSense_ScanAllWidgets
  98              	.LVL14:
  99 0052 DEE7     		b	.L2
 100              	.L5:
 101              		.align	2
 102              	.L4:
 103 0054 00000000 		.word	.LC0
 104 0058 04000000 		.word	.LC2
 105              		.cfi_endproc
 106              	.LFE34:
 107              		.size	main, .-main
 108              		.section	.text.GetMax,"ax",%progbits
 109              		.align	2
 110              		.global	GetMax
 111              		.code	16
 112              		.thumb_func
 113              		.type	GetMax, %function
 114              	GetMax:
 115              	.LFB35:
 162:main.c        ****             
 163:main.c        ****             
 164:main.c        ****         }
 165:main.c        ****         
 166:main.c        ****         
 167:main.c        ****         //SW_Tx_UART_PutCRLF();
 168:main.c        ****         //CyDelay(SEND_INTERVAL);
 169:main.c        ****         
 170:main.c        ****         //SW_Tx_UART_PutCRLF();
ARM GAS  C:\Users\mstai\AppData\Local\Temp\cc9XfHQv.s 			page 6


 171:main.c        ****         
 172:main.c        ****     }
 173:main.c        **** 
 174:main.c        **** }
 175:main.c        **** 
 176:main.c        **** /*function to get the max number in an array*/
 177:main.c        **** uint32 GetMax(int n,uint32 x[n]){
 116              		.loc 1 177 0
 117              		.cfi_startproc
 118              		@ args = 0, pretend = 0, frame = 0
 119              		@ frame_needed = 0, uses_anonymous_args = 0
 120              	.LVL15:
 121 0000 10B5     		push	{r4, lr}
 122              		.cfi_def_cfa_offset 8
 123              		.cfi_offset 4, -8
 124              		.cfi_offset 14, -4
 125 0002 0400     		movs	r4, r0
 178:main.c        ****     uint32 max=x[0];
 126              		.loc 1 178 0
 127 0004 0868     		ldr	r0, [r1]
 128              	.LVL16:
 129              	.LBB2:
 179:main.c        **** 
 180:main.c        ****     for(int i=0; i<=n-1; i=i+1) {
 130              		.loc 1 180 0
 131 0006 0023     		movs	r3, #0
 132 0008 05E0     		b	.L7
 133              	.LVL17:
 134              	.L9:
 181:main.c        ****       if( x[i]>max ) {
 135              		.loc 1 181 0
 136 000a 9A00     		lsls	r2, r3, #2
 137 000c 5258     		ldr	r2, [r2, r1]
 138 000e 9042     		cmp	r0, r2
 139 0010 00D2     		bcs	.L8
 182:main.c        ****         max=x[i];
 140              		.loc 1 182 0
 141 0012 1000     		movs	r0, r2
 142              	.LVL18:
 143              	.L8:
 180:main.c        ****       if( x[i]>max ) {
 144              		.loc 1 180 0 discriminator 2
 145 0014 0133     		adds	r3, r3, #1
 146              	.LVL19:
 147              	.L7:
 180:main.c        ****       if( x[i]>max ) {
 148              		.loc 1 180 0 is_stmt 0 discriminator 1
 149 0016 621E     		subs	r2, r4, #1
 150 0018 9342     		cmp	r3, r2
 151 001a F6DD     		ble	.L9
 152              	.LBE2:
 183:main.c        ****       }
 184:main.c        ****     }
 185:main.c        ****     return max;
 186:main.c        **** 
 187:main.c        **** }
 153              		.loc 1 187 0 is_stmt 1
ARM GAS  C:\Users\mstai\AppData\Local\Temp\cc9XfHQv.s 			page 7


 154              		@ sp needed
 155              	.LVL20:
 156 001c 10BD     		pop	{r4, pc}
 157              		.cfi_endproc
 158              	.LFE35:
 159              		.size	GetMax, .-GetMax
 160 001e C046     		.section	.rodata.str1.4,"aMS",%progbits,1
 161              		.align	2
 162              	.LC0:
 163 0000 256C7500 		.ascii	"%lu\000"
 164              	.LC2:
 165 0004 2C00     		.ascii	",\000"
 166              		.text
 167              	.Letext0:
 168              		.file 2 "Generated_Source\\PSoC4/cytypes.h"
 169              		.file 3 "Generated_Source\\PSoC4/CapSense_Structure.h"
 170              		.file 4 "Generated_Source\\PSoC4/SW_Tx_UART.h"
 171              		.file 5 "Generated_Source\\PSoC4/CapSense_Control.h"
 172              		.file 6 "Generated_Source\\PSoC4/CapSense_Sensing.h"
 173              		.file 7 "Generated_Source\\PSoC4/CapSense_Tuner.h"
 174              		.file 8 "Generated_Source\\PSoC4/CapSense_SelfTest.h"
 175              		.file 9 "c:\\users\\mstai\\onedrive\\desktop\\tesi robotica\\psoc creator\\4.2\\psoc creator\\impo
 176              		.section	.debug_info,"",%progbits
 177              	.Ldebug_info0:
 178 0000 CE020000 		.4byte	0x2ce
 179 0004 0400     		.2byte	0x4
 180 0006 00000000 		.4byte	.Ldebug_abbrev0
 181 000a 04       		.byte	0x4
 182 000b 01       		.uleb128 0x1
 183 000c CD020000 		.4byte	.LASF39
 184 0010 0C       		.byte	0xc
 185 0011 44020000 		.4byte	.LASF40
 186 0015 C3000000 		.4byte	.LASF41
 187 0019 00000000 		.4byte	.Ldebug_ranges0+0
 188 001d 00000000 		.4byte	0
 189 0021 00000000 		.4byte	.Ldebug_line0
 190 0025 02       		.uleb128 0x2
 191 0026 01       		.byte	0x1
 192 0027 06       		.byte	0x6
 193 0028 5F030000 		.4byte	.LASF0
 194 002c 02       		.uleb128 0x2
 195 002d 01       		.byte	0x1
 196 002e 08       		.byte	0x8
 197 002f 21010000 		.4byte	.LASF1
 198 0033 02       		.uleb128 0x2
 199 0034 02       		.byte	0x2
 200 0035 05       		.byte	0x5
 201 0036 8A020000 		.4byte	.LASF2
 202 003a 02       		.uleb128 0x2
 203 003b 02       		.byte	0x2
 204 003c 07       		.byte	0x7
 205 003d 4A010000 		.4byte	.LASF3
 206 0041 02       		.uleb128 0x2
 207 0042 04       		.byte	0x4
 208 0043 05       		.byte	0x5
 209 0044 B8020000 		.4byte	.LASF4
 210 0048 02       		.uleb128 0x2
ARM GAS  C:\Users\mstai\AppData\Local\Temp\cc9XfHQv.s 			page 8


 211 0049 04       		.byte	0x4
 212 004a 07       		.byte	0x7
 213 004b A1010000 		.4byte	.LASF5
 214 004f 02       		.uleb128 0x2
 215 0050 08       		.byte	0x8
 216 0051 05       		.byte	0x5
 217 0052 36020000 		.4byte	.LASF6
 218 0056 02       		.uleb128 0x2
 219 0057 08       		.byte	0x8
 220 0058 07       		.byte	0x7
 221 0059 FB010000 		.4byte	.LASF7
 222 005d 03       		.uleb128 0x3
 223 005e 04       		.byte	0x4
 224 005f 05       		.byte	0x5
 225 0060 696E7400 		.ascii	"int\000"
 226 0064 02       		.uleb128 0x2
 227 0065 04       		.byte	0x4
 228 0066 07       		.byte	0x7
 229 0067 EE010000 		.4byte	.LASF8
 230 006b 04       		.uleb128 0x4
 231 006c D2010000 		.4byte	.LASF11
 232 0070 02       		.byte	0x2
 233 0071 E601     		.2byte	0x1e6
 234 0073 48000000 		.4byte	0x48
 235 0077 02       		.uleb128 0x2
 236 0078 04       		.byte	0x4
 237 0079 04       		.byte	0x4
 238 007a FC000000 		.4byte	.LASF9
 239 007e 02       		.uleb128 0x2
 240 007f 08       		.byte	0x8
 241 0080 04       		.byte	0x4
 242 0081 BC000000 		.4byte	.LASF10
 243 0085 04       		.uleb128 0x4
 244 0086 3F010000 		.4byte	.LASF12
 245 008a 02       		.byte	0x2
 246 008b F501     		.2byte	0x1f5
 247 008d 91000000 		.4byte	0x91
 248 0091 02       		.uleb128 0x2
 249 0092 01       		.byte	0x1
 250 0093 08       		.byte	0x8
 251 0094 4B020000 		.4byte	.LASF13
 252 0098 02       		.uleb128 0x2
 253 0099 08       		.byte	0x8
 254 009a 04       		.byte	0x4
 255 009b C1020000 		.4byte	.LASF14
 256 009f 02       		.uleb128 0x2
 257 00a0 04       		.byte	0x4
 258 00a1 07       		.byte	0x7
 259 00a2 2D020000 		.4byte	.LASF15
 260 00a6 05       		.uleb128 0x5
 261 00a7 01       		.byte	0x1
 262 00a8 2C000000 		.4byte	0x2c
 263 00ac 03       		.byte	0x3
 264 00ad 87       		.byte	0x87
 265 00ae E3000000 		.4byte	0xe3
 266 00b2 06       		.uleb128 0x6
 267 00b3 5D010000 		.4byte	.LASF16
ARM GAS  C:\Users\mstai\AppData\Local\Temp\cc9XfHQv.s 			page 9


 268 00b7 00       		.byte	0
 269 00b8 06       		.uleb128 0x6
 270 00b9 99000000 		.4byte	.LASF17
 271 00bd 01       		.byte	0x1
 272 00be 06       		.uleb128 0x6
 273 00bf 68020000 		.4byte	.LASF18
 274 00c3 02       		.byte	0x2
 275 00c4 06       		.uleb128 0x6
 276 00c5 59000000 		.4byte	.LASF19
 277 00c9 03       		.byte	0x3
 278 00ca 06       		.uleb128 0x6
 279 00cb 7E010000 		.4byte	.LASF20
 280 00cf 04       		.byte	0x4
 281 00d0 06       		.uleb128 0x6
 282 00d1 94020000 		.4byte	.LASF21
 283 00d5 05       		.byte	0x5
 284 00d6 06       		.uleb128 0x6
 285 00d7 12000000 		.4byte	.LASF22
 286 00db 06       		.byte	0x6
 287 00dc 06       		.uleb128 0x6
 288 00dd 78000000 		.4byte	.LASF23
 289 00e1 07       		.byte	0x7
 290 00e2 00       		.byte	0
 291 00e3 07       		.uleb128 0x7
 292 00e4 34000000 		.4byte	.LASF24
 293 00e8 03       		.byte	0x3
 294 00e9 9E       		.byte	0x9e
 295 00ea A6000000 		.4byte	0xa6
 296 00ee 08       		.uleb128 0x8
 297 00ef 04       		.byte	0x4
 298 00f0 6B000000 		.4byte	0x6b
 299 00f4 09       		.uleb128 0x9
 300 00f5 B3010000 		.4byte	.LASF27
 301 00f9 01       		.byte	0x1
 302 00fa 3D       		.byte	0x3d
 303 00fb 5D000000 		.4byte	0x5d
 304 00ff 00000000 		.4byte	.LFB34
 305 0103 5C000000 		.4byte	.LFE34-.LFB34
 306 0107 01       		.uleb128 0x1
 307 0108 9C       		.byte	0x9c
 308 0109 FC010000 		.4byte	0x1fc
 309 010d 0A       		.uleb128 0xa
 310 010e 63617000 		.ascii	"cap\000"
 311 0112 01       		.byte	0x1
 312 0113 3F       		.byte	0x3f
 313 0114 6B000000 		.4byte	0x6b
 314 0118 00000000 		.4byte	.LLST0
 315 011c 0B       		.uleb128 0xb
 316 011d C9010000 		.4byte	.LASF25
 317 0121 01       		.byte	0x1
 318 0122 40       		.byte	0x40
 319 0123 FC010000 		.4byte	0x1fc
 320 0127 02       		.uleb128 0x2
 321 0128 91       		.byte	0x91
 322 0129 74       		.sleb128 -12
 323 012a 0B       		.uleb128 0xb
 324 012b 45010000 		.4byte	.LASF26
ARM GAS  C:\Users\mstai\AppData\Local\Temp\cc9XfHQv.s 			page 10


 325 012f 01       		.byte	0x1
 326 0130 4C       		.byte	0x4c
 327 0131 E3000000 		.4byte	0xe3
 328 0135 02       		.uleb128 0x2
 329 0136 91       		.byte	0x91
 330 0137 73       		.sleb128 -13
 331 0138 0C       		.uleb128 0xc
 332 0139 0A000000 		.4byte	.LVL1
 333 013d 62020000 		.4byte	0x262
 334 0141 0C       		.uleb128 0xc
 335 0142 0E000000 		.4byte	.LVL2
 336 0146 6D020000 		.4byte	0x26d
 337 014a 0C       		.uleb128 0xc
 338 014b 12000000 		.4byte	.LVL3
 339 014f 78020000 		.4byte	0x278
 340 0153 0C       		.uleb128 0xc
 341 0154 16000000 		.4byte	.LVL4
 342 0158 83020000 		.4byte	0x283
 343 015c 0C       		.uleb128 0xc
 344 015d 1E000000 		.4byte	.LVL5
 345 0161 8E020000 		.4byte	0x28e
 346 0165 0C       		.uleb128 0xc
 347 0166 22000000 		.4byte	.LVL6
 348 016a 99020000 		.4byte	0x299
 349 016e 0D       		.uleb128 0xd
 350 016f 2E000000 		.4byte	.LVL7
 351 0173 A4020000 		.4byte	0x2a4
 352 0177 8C010000 		.4byte	0x18c
 353 017b 0E       		.uleb128 0xe
 354 017c 01       		.uleb128 0x1
 355 017d 50       		.byte	0x50
 356 017e 01       		.uleb128 0x1
 357 017f 30       		.byte	0x30
 358 0180 0E       		.uleb128 0xe
 359 0181 01       		.uleb128 0x1
 360 0182 51       		.byte	0x51
 361 0183 01       		.uleb128 0x1
 362 0184 30       		.byte	0x30
 363 0185 0E       		.uleb128 0xe
 364 0186 01       		.uleb128 0x1
 365 0187 52       		.byte	0x52
 366 0188 02       		.uleb128 0x2
 367 0189 7D       		.byte	0x7d
 368 018a 03       		.sleb128 3
 369 018b 00       		.byte	0
 370 018c 0D       		.uleb128 0xd
 371 018d 38000000 		.4byte	.LVL10
 372 0191 AF020000 		.4byte	0x2af
 373 0195 A4010000 		.4byte	0x1a4
 374 0199 0E       		.uleb128 0xe
 375 019a 01       		.uleb128 0x1
 376 019b 50       		.byte	0x50
 377 019c 01       		.uleb128 0x1
 378 019d 30       		.byte	0x30
 379 019e 0E       		.uleb128 0xe
 380 019f 01       		.uleb128 0x1
 381 01a0 51       		.byte	0x51
ARM GAS  C:\Users\mstai\AppData\Local\Temp\cc9XfHQv.s 			page 11


 382 01a1 01       		.uleb128 0x1
 383 01a2 30       		.byte	0x30
 384 01a3 00       		.byte	0
 385 01a4 0D       		.uleb128 0xd
 386 01a5 42000000 		.4byte	.LVL11
 387 01a9 BB020000 		.4byte	0x2bb
 388 01ad C7010000 		.4byte	0x1c7
 389 01b1 0E       		.uleb128 0xe
 390 01b2 01       		.uleb128 0x1
 391 01b3 50       		.byte	0x50
 392 01b4 02       		.uleb128 0x2
 393 01b5 91       		.byte	0x91
 394 01b6 74       		.sleb128 -12
 395 01b7 0E       		.uleb128 0xe
 396 01b8 01       		.uleb128 0x1
 397 01b9 51       		.byte	0x51
 398 01ba 05       		.uleb128 0x5
 399 01bb 03       		.byte	0x3
 400 01bc 00000000 		.4byte	.LC0
 401 01c0 0E       		.uleb128 0xe
 402 01c1 01       		.uleb128 0x1
 403 01c2 52       		.byte	0x52
 404 01c3 02       		.uleb128 0x2
 405 01c4 74       		.byte	0x74
 406 01c5 00       		.sleb128 0
 407 01c6 00       		.byte	0
 408 01c7 0D       		.uleb128 0xd
 409 01c8 48000000 		.4byte	.LVL12
 410 01cc C6020000 		.4byte	0x2c6
 411 01d0 DB010000 		.4byte	0x1db
 412 01d4 0E       		.uleb128 0xe
 413 01d5 01       		.uleb128 0x1
 414 01d6 50       		.byte	0x50
 415 01d7 02       		.uleb128 0x2
 416 01d8 91       		.byte	0x91
 417 01d9 74       		.sleb128 -12
 418 01da 00       		.byte	0
 419 01db 0D       		.uleb128 0xd
 420 01dc 4E000000 		.4byte	.LVL13
 421 01e0 C6020000 		.4byte	0x2c6
 422 01e4 F2010000 		.4byte	0x1f2
 423 01e8 0E       		.uleb128 0xe
 424 01e9 01       		.uleb128 0x1
 425 01ea 50       		.byte	0x50
 426 01eb 05       		.uleb128 0x5
 427 01ec 03       		.byte	0x3
 428 01ed 04000000 		.4byte	.LC2
 429 01f1 00       		.byte	0
 430 01f2 0C       		.uleb128 0xc
 431 01f3 52000000 		.4byte	.LVL14
 432 01f7 78020000 		.4byte	0x278
 433 01fb 00       		.byte	0
 434 01fc 0F       		.uleb128 0xf
 435 01fd 85000000 		.4byte	0x85
 436 0201 0C020000 		.4byte	0x20c
 437 0205 10       		.uleb128 0x10
 438 0206 9F000000 		.4byte	0x9f
ARM GAS  C:\Users\mstai\AppData\Local\Temp\cc9XfHQv.s 			page 12


 439 020a 03       		.byte	0x3
 440 020b 00       		.byte	0
 441 020c 11       		.uleb128 0x11
 442 020d 02010000 		.4byte	.LASF28
 443 0211 01       		.byte	0x1
 444 0212 B1       		.byte	0xb1
 445 0213 6B000000 		.4byte	0x6b
 446 0217 00000000 		.4byte	.LFB35
 447 021b 1E000000 		.4byte	.LFE35-.LFB35
 448 021f 01       		.uleb128 0x1
 449 0220 9C       		.byte	0x9c
 450 0221 62020000 		.4byte	0x262
 451 0225 12       		.uleb128 0x12
 452 0226 6E00     		.ascii	"n\000"
 453 0228 01       		.byte	0x1
 454 0229 B1       		.byte	0xb1
 455 022a 5D000000 		.4byte	0x5d
 456 022e 2A000000 		.4byte	.LLST1
 457 0232 13       		.uleb128 0x13
 458 0233 7800     		.ascii	"x\000"
 459 0235 01       		.byte	0x1
 460 0236 B1       		.byte	0xb1
 461 0237 EE000000 		.4byte	0xee
 462 023b 01       		.uleb128 0x1
 463 023c 51       		.byte	0x51
 464 023d 14       		.uleb128 0x14
 465 023e 6D617800 		.ascii	"max\000"
 466 0242 01       		.byte	0x1
 467 0243 B2       		.byte	0xb2
 468 0244 6B000000 		.4byte	0x6b
 469 0248 01       		.uleb128 0x1
 470 0249 50       		.byte	0x50
 471 024a 15       		.uleb128 0x15
 472 024b 06000000 		.4byte	.LBB2
 473 024f 16000000 		.4byte	.LBE2-.LBB2
 474 0253 0A       		.uleb128 0xa
 475 0254 6900     		.ascii	"i\000"
 476 0256 01       		.byte	0x1
 477 0257 B4       		.byte	0xb4
 478 0258 5D000000 		.4byte	0x5d
 479 025c 55000000 		.4byte	.LLST2
 480 0260 00       		.byte	0
 481 0261 00       		.byte	0
 482 0262 16       		.uleb128 0x16
 483 0263 B8010000 		.4byte	.LASF29
 484 0267 B8010000 		.4byte	.LASF29
 485 026b 04       		.byte	0x4
 486 026c 1F       		.byte	0x1f
 487 026d 16       		.uleb128 0x16
 488 026e 91030000 		.4byte	.LASF30
 489 0272 91030000 		.4byte	.LASF30
 490 0276 05       		.byte	0x5
 491 0277 3B       		.byte	0x3b
 492 0278 16       		.uleb128 0x16
 493 0279 09010000 		.4byte	.LASF31
 494 027d 09010000 		.4byte	.LASF31
 495 0281 06       		.byte	0x6
ARM GAS  C:\Users\mstai\AppData\Local\Temp\cc9XfHQv.s 			page 13


 496 0282 59       		.byte	0x59
 497 0283 16       		.uleb128 0x16
 498 0284 2F010000 		.4byte	.LASF32
 499 0288 2F010000 		.4byte	.LASF32
 500 028c 06       		.byte	0x6
 501 028d 5A       		.byte	0x5a
 502 028e 16       		.uleb128 0x16
 503 028f 12020000 		.4byte	.LASF33
 504 0293 12020000 		.4byte	.LASF33
 505 0297 05       		.byte	0x5
 506 0298 3F       		.byte	0x3f
 507 0299 16       		.uleb128 0x16
 508 029a 00000000 		.4byte	.LASF34
 509 029e 00000000 		.4byte	.LASF34
 510 02a2 07       		.byte	0x7
 511 02a3 49       		.byte	0x49
 512 02a4 16       		.uleb128 0x16
 513 02a5 6B030000 		.4byte	.LASF35
 514 02a9 6B030000 		.4byte	.LASF35
 515 02ad 08       		.byte	0x8
 516 02ae 64       		.byte	0x64
 517 02af 17       		.uleb128 0x17
 518 02b0 50020000 		.4byte	.LASF36
 519 02b4 50020000 		.4byte	.LASF36
 520 02b8 03       		.byte	0x3
 521 02b9 3B05     		.2byte	0x53b
 522 02bb 16       		.uleb128 0x16
 523 02bc 89030000 		.4byte	.LASF37
 524 02c0 89030000 		.4byte	.LASF37
 525 02c4 09       		.byte	0x9
 526 02c5 E7       		.byte	0xe7
 527 02c6 16       		.uleb128 0x16
 528 02c7 D9010000 		.4byte	.LASF38
 529 02cb D9010000 		.4byte	.LASF38
 530 02cf 04       		.byte	0x4
 531 02d0 26       		.byte	0x26
 532 02d1 00       		.byte	0
 533              		.section	.debug_abbrev,"",%progbits
 534              	.Ldebug_abbrev0:
 535 0000 01       		.uleb128 0x1
 536 0001 11       		.uleb128 0x11
 537 0002 01       		.byte	0x1
 538 0003 25       		.uleb128 0x25
 539 0004 0E       		.uleb128 0xe
 540 0005 13       		.uleb128 0x13
 541 0006 0B       		.uleb128 0xb
 542 0007 03       		.uleb128 0x3
 543 0008 0E       		.uleb128 0xe
 544 0009 1B       		.uleb128 0x1b
 545 000a 0E       		.uleb128 0xe
 546 000b 55       		.uleb128 0x55
 547 000c 17       		.uleb128 0x17
 548 000d 11       		.uleb128 0x11
 549 000e 01       		.uleb128 0x1
 550 000f 10       		.uleb128 0x10
 551 0010 17       		.uleb128 0x17
 552 0011 00       		.byte	0
ARM GAS  C:\Users\mstai\AppData\Local\Temp\cc9XfHQv.s 			page 14


 553 0012 00       		.byte	0
 554 0013 02       		.uleb128 0x2
 555 0014 24       		.uleb128 0x24
 556 0015 00       		.byte	0
 557 0016 0B       		.uleb128 0xb
 558 0017 0B       		.uleb128 0xb
 559 0018 3E       		.uleb128 0x3e
 560 0019 0B       		.uleb128 0xb
 561 001a 03       		.uleb128 0x3
 562 001b 0E       		.uleb128 0xe
 563 001c 00       		.byte	0
 564 001d 00       		.byte	0
 565 001e 03       		.uleb128 0x3
 566 001f 24       		.uleb128 0x24
 567 0020 00       		.byte	0
 568 0021 0B       		.uleb128 0xb
 569 0022 0B       		.uleb128 0xb
 570 0023 3E       		.uleb128 0x3e
 571 0024 0B       		.uleb128 0xb
 572 0025 03       		.uleb128 0x3
 573 0026 08       		.uleb128 0x8
 574 0027 00       		.byte	0
 575 0028 00       		.byte	0
 576 0029 04       		.uleb128 0x4
 577 002a 16       		.uleb128 0x16
 578 002b 00       		.byte	0
 579 002c 03       		.uleb128 0x3
 580 002d 0E       		.uleb128 0xe
 581 002e 3A       		.uleb128 0x3a
 582 002f 0B       		.uleb128 0xb
 583 0030 3B       		.uleb128 0x3b
 584 0031 05       		.uleb128 0x5
 585 0032 49       		.uleb128 0x49
 586 0033 13       		.uleb128 0x13
 587 0034 00       		.byte	0
 588 0035 00       		.byte	0
 589 0036 05       		.uleb128 0x5
 590 0037 04       		.uleb128 0x4
 591 0038 01       		.byte	0x1
 592 0039 0B       		.uleb128 0xb
 593 003a 0B       		.uleb128 0xb
 594 003b 49       		.uleb128 0x49
 595 003c 13       		.uleb128 0x13
 596 003d 3A       		.uleb128 0x3a
 597 003e 0B       		.uleb128 0xb
 598 003f 3B       		.uleb128 0x3b
 599 0040 0B       		.uleb128 0xb
 600 0041 01       		.uleb128 0x1
 601 0042 13       		.uleb128 0x13
 602 0043 00       		.byte	0
 603 0044 00       		.byte	0
 604 0045 06       		.uleb128 0x6
 605 0046 28       		.uleb128 0x28
 606 0047 00       		.byte	0
 607 0048 03       		.uleb128 0x3
 608 0049 0E       		.uleb128 0xe
 609 004a 1C       		.uleb128 0x1c
ARM GAS  C:\Users\mstai\AppData\Local\Temp\cc9XfHQv.s 			page 15


 610 004b 0B       		.uleb128 0xb
 611 004c 00       		.byte	0
 612 004d 00       		.byte	0
 613 004e 07       		.uleb128 0x7
 614 004f 16       		.uleb128 0x16
 615 0050 00       		.byte	0
 616 0051 03       		.uleb128 0x3
 617 0052 0E       		.uleb128 0xe
 618 0053 3A       		.uleb128 0x3a
 619 0054 0B       		.uleb128 0xb
 620 0055 3B       		.uleb128 0x3b
 621 0056 0B       		.uleb128 0xb
 622 0057 49       		.uleb128 0x49
 623 0058 13       		.uleb128 0x13
 624 0059 00       		.byte	0
 625 005a 00       		.byte	0
 626 005b 08       		.uleb128 0x8
 627 005c 0F       		.uleb128 0xf
 628 005d 00       		.byte	0
 629 005e 0B       		.uleb128 0xb
 630 005f 0B       		.uleb128 0xb
 631 0060 49       		.uleb128 0x49
 632 0061 13       		.uleb128 0x13
 633 0062 00       		.byte	0
 634 0063 00       		.byte	0
 635 0064 09       		.uleb128 0x9
 636 0065 2E       		.uleb128 0x2e
 637 0066 01       		.byte	0x1
 638 0067 3F       		.uleb128 0x3f
 639 0068 19       		.uleb128 0x19
 640 0069 03       		.uleb128 0x3
 641 006a 0E       		.uleb128 0xe
 642 006b 3A       		.uleb128 0x3a
 643 006c 0B       		.uleb128 0xb
 644 006d 3B       		.uleb128 0x3b
 645 006e 0B       		.uleb128 0xb
 646 006f 49       		.uleb128 0x49
 647 0070 13       		.uleb128 0x13
 648 0071 8701     		.uleb128 0x87
 649 0073 19       		.uleb128 0x19
 650 0074 11       		.uleb128 0x11
 651 0075 01       		.uleb128 0x1
 652 0076 12       		.uleb128 0x12
 653 0077 06       		.uleb128 0x6
 654 0078 40       		.uleb128 0x40
 655 0079 18       		.uleb128 0x18
 656 007a 9742     		.uleb128 0x2117
 657 007c 19       		.uleb128 0x19
 658 007d 01       		.uleb128 0x1
 659 007e 13       		.uleb128 0x13
 660 007f 00       		.byte	0
 661 0080 00       		.byte	0
 662 0081 0A       		.uleb128 0xa
 663 0082 34       		.uleb128 0x34
 664 0083 00       		.byte	0
 665 0084 03       		.uleb128 0x3
 666 0085 08       		.uleb128 0x8
ARM GAS  C:\Users\mstai\AppData\Local\Temp\cc9XfHQv.s 			page 16


 667 0086 3A       		.uleb128 0x3a
 668 0087 0B       		.uleb128 0xb
 669 0088 3B       		.uleb128 0x3b
 670 0089 0B       		.uleb128 0xb
 671 008a 49       		.uleb128 0x49
 672 008b 13       		.uleb128 0x13
 673 008c 02       		.uleb128 0x2
 674 008d 17       		.uleb128 0x17
 675 008e 00       		.byte	0
 676 008f 00       		.byte	0
 677 0090 0B       		.uleb128 0xb
 678 0091 34       		.uleb128 0x34
 679 0092 00       		.byte	0
 680 0093 03       		.uleb128 0x3
 681 0094 0E       		.uleb128 0xe
 682 0095 3A       		.uleb128 0x3a
 683 0096 0B       		.uleb128 0xb
 684 0097 3B       		.uleb128 0x3b
 685 0098 0B       		.uleb128 0xb
 686 0099 49       		.uleb128 0x49
 687 009a 13       		.uleb128 0x13
 688 009b 02       		.uleb128 0x2
 689 009c 18       		.uleb128 0x18
 690 009d 00       		.byte	0
 691 009e 00       		.byte	0
 692 009f 0C       		.uleb128 0xc
 693 00a0 898201   		.uleb128 0x4109
 694 00a3 00       		.byte	0
 695 00a4 11       		.uleb128 0x11
 696 00a5 01       		.uleb128 0x1
 697 00a6 31       		.uleb128 0x31
 698 00a7 13       		.uleb128 0x13
 699 00a8 00       		.byte	0
 700 00a9 00       		.byte	0
 701 00aa 0D       		.uleb128 0xd
 702 00ab 898201   		.uleb128 0x4109
 703 00ae 01       		.byte	0x1
 704 00af 11       		.uleb128 0x11
 705 00b0 01       		.uleb128 0x1
 706 00b1 31       		.uleb128 0x31
 707 00b2 13       		.uleb128 0x13
 708 00b3 01       		.uleb128 0x1
 709 00b4 13       		.uleb128 0x13
 710 00b5 00       		.byte	0
 711 00b6 00       		.byte	0
 712 00b7 0E       		.uleb128 0xe
 713 00b8 8A8201   		.uleb128 0x410a
 714 00bb 00       		.byte	0
 715 00bc 02       		.uleb128 0x2
 716 00bd 18       		.uleb128 0x18
 717 00be 9142     		.uleb128 0x2111
 718 00c0 18       		.uleb128 0x18
 719 00c1 00       		.byte	0
 720 00c2 00       		.byte	0
 721 00c3 0F       		.uleb128 0xf
 722 00c4 01       		.uleb128 0x1
 723 00c5 01       		.byte	0x1
ARM GAS  C:\Users\mstai\AppData\Local\Temp\cc9XfHQv.s 			page 17


 724 00c6 49       		.uleb128 0x49
 725 00c7 13       		.uleb128 0x13
 726 00c8 01       		.uleb128 0x1
 727 00c9 13       		.uleb128 0x13
 728 00ca 00       		.byte	0
 729 00cb 00       		.byte	0
 730 00cc 10       		.uleb128 0x10
 731 00cd 21       		.uleb128 0x21
 732 00ce 00       		.byte	0
 733 00cf 49       		.uleb128 0x49
 734 00d0 13       		.uleb128 0x13
 735 00d1 2F       		.uleb128 0x2f
 736 00d2 0B       		.uleb128 0xb
 737 00d3 00       		.byte	0
 738 00d4 00       		.byte	0
 739 00d5 11       		.uleb128 0x11
 740 00d6 2E       		.uleb128 0x2e
 741 00d7 01       		.byte	0x1
 742 00d8 3F       		.uleb128 0x3f
 743 00d9 19       		.uleb128 0x19
 744 00da 03       		.uleb128 0x3
 745 00db 0E       		.uleb128 0xe
 746 00dc 3A       		.uleb128 0x3a
 747 00dd 0B       		.uleb128 0xb
 748 00de 3B       		.uleb128 0x3b
 749 00df 0B       		.uleb128 0xb
 750 00e0 27       		.uleb128 0x27
 751 00e1 19       		.uleb128 0x19
 752 00e2 49       		.uleb128 0x49
 753 00e3 13       		.uleb128 0x13
 754 00e4 11       		.uleb128 0x11
 755 00e5 01       		.uleb128 0x1
 756 00e6 12       		.uleb128 0x12
 757 00e7 06       		.uleb128 0x6
 758 00e8 40       		.uleb128 0x40
 759 00e9 18       		.uleb128 0x18
 760 00ea 9742     		.uleb128 0x2117
 761 00ec 19       		.uleb128 0x19
 762 00ed 01       		.uleb128 0x1
 763 00ee 13       		.uleb128 0x13
 764 00ef 00       		.byte	0
 765 00f0 00       		.byte	0
 766 00f1 12       		.uleb128 0x12
 767 00f2 05       		.uleb128 0x5
 768 00f3 00       		.byte	0
 769 00f4 03       		.uleb128 0x3
 770 00f5 08       		.uleb128 0x8
 771 00f6 3A       		.uleb128 0x3a
 772 00f7 0B       		.uleb128 0xb
 773 00f8 3B       		.uleb128 0x3b
 774 00f9 0B       		.uleb128 0xb
 775 00fa 49       		.uleb128 0x49
 776 00fb 13       		.uleb128 0x13
 777 00fc 02       		.uleb128 0x2
 778 00fd 17       		.uleb128 0x17
 779 00fe 00       		.byte	0
 780 00ff 00       		.byte	0
ARM GAS  C:\Users\mstai\AppData\Local\Temp\cc9XfHQv.s 			page 18


 781 0100 13       		.uleb128 0x13
 782 0101 05       		.uleb128 0x5
 783 0102 00       		.byte	0
 784 0103 03       		.uleb128 0x3
 785 0104 08       		.uleb128 0x8
 786 0105 3A       		.uleb128 0x3a
 787 0106 0B       		.uleb128 0xb
 788 0107 3B       		.uleb128 0x3b
 789 0108 0B       		.uleb128 0xb
 790 0109 49       		.uleb128 0x49
 791 010a 13       		.uleb128 0x13
 792 010b 02       		.uleb128 0x2
 793 010c 18       		.uleb128 0x18
 794 010d 00       		.byte	0
 795 010e 00       		.byte	0
 796 010f 14       		.uleb128 0x14
 797 0110 34       		.uleb128 0x34
 798 0111 00       		.byte	0
 799 0112 03       		.uleb128 0x3
 800 0113 08       		.uleb128 0x8
 801 0114 3A       		.uleb128 0x3a
 802 0115 0B       		.uleb128 0xb
 803 0116 3B       		.uleb128 0x3b
 804 0117 0B       		.uleb128 0xb
 805 0118 49       		.uleb128 0x49
 806 0119 13       		.uleb128 0x13
 807 011a 02       		.uleb128 0x2
 808 011b 18       		.uleb128 0x18
 809 011c 00       		.byte	0
 810 011d 00       		.byte	0
 811 011e 15       		.uleb128 0x15
 812 011f 0B       		.uleb128 0xb
 813 0120 01       		.byte	0x1
 814 0121 11       		.uleb128 0x11
 815 0122 01       		.uleb128 0x1
 816 0123 12       		.uleb128 0x12
 817 0124 06       		.uleb128 0x6
 818 0125 00       		.byte	0
 819 0126 00       		.byte	0
 820 0127 16       		.uleb128 0x16
 821 0128 2E       		.uleb128 0x2e
 822 0129 00       		.byte	0
 823 012a 3F       		.uleb128 0x3f
 824 012b 19       		.uleb128 0x19
 825 012c 3C       		.uleb128 0x3c
 826 012d 19       		.uleb128 0x19
 827 012e 6E       		.uleb128 0x6e
 828 012f 0E       		.uleb128 0xe
 829 0130 03       		.uleb128 0x3
 830 0131 0E       		.uleb128 0xe
 831 0132 3A       		.uleb128 0x3a
 832 0133 0B       		.uleb128 0xb
 833 0134 3B       		.uleb128 0x3b
 834 0135 0B       		.uleb128 0xb
 835 0136 00       		.byte	0
 836 0137 00       		.byte	0
 837 0138 17       		.uleb128 0x17
ARM GAS  C:\Users\mstai\AppData\Local\Temp\cc9XfHQv.s 			page 19


 838 0139 2E       		.uleb128 0x2e
 839 013a 00       		.byte	0
 840 013b 3F       		.uleb128 0x3f
 841 013c 19       		.uleb128 0x19
 842 013d 3C       		.uleb128 0x3c
 843 013e 19       		.uleb128 0x19
 844 013f 6E       		.uleb128 0x6e
 845 0140 0E       		.uleb128 0xe
 846 0141 03       		.uleb128 0x3
 847 0142 0E       		.uleb128 0xe
 848 0143 3A       		.uleb128 0x3a
 849 0144 0B       		.uleb128 0xb
 850 0145 3B       		.uleb128 0x3b
 851 0146 05       		.uleb128 0x5
 852 0147 00       		.byte	0
 853 0148 00       		.byte	0
 854 0149 00       		.byte	0
 855              		.section	.debug_loc,"",%progbits
 856              	.Ldebug_loc0:
 857              	.LLST0:
 858 0000 04000000 		.4byte	.LVL0
 859 0004 12000000 		.4byte	.LVL3
 860 0008 0200     		.2byte	0x2
 861 000a 30       		.byte	0x30
 862 000b 9F       		.byte	0x9f
 863 000c 30000000 		.4byte	.LVL8
 864 0010 34000000 		.4byte	.LVL9
 865 0014 0100     		.2byte	0x1
 866 0016 50       		.byte	0x50
 867 0017 34000000 		.4byte	.LVL9
 868 001b 5C000000 		.4byte	.LFE34
 869 001f 0100     		.2byte	0x1
 870 0021 54       		.byte	0x54
 871 0022 00000000 		.4byte	0
 872 0026 00000000 		.4byte	0
 873              	.LLST1:
 874 002a 00000000 		.4byte	.LVL15
 875 002e 06000000 		.4byte	.LVL16
 876 0032 0100     		.2byte	0x1
 877 0034 50       		.byte	0x50
 878 0035 06000000 		.4byte	.LVL16
 879 0039 1C000000 		.4byte	.LVL20
 880 003d 0100     		.2byte	0x1
 881 003f 54       		.byte	0x54
 882 0040 1C000000 		.4byte	.LVL20
 883 0044 1E000000 		.4byte	.LFE35
 884 0048 0300     		.2byte	0x3
 885 004a 72       		.byte	0x72
 886 004b 01       		.sleb128 1
 887 004c 9F       		.byte	0x9f
 888 004d 00000000 		.4byte	0
 889 0051 00000000 		.4byte	0
 890              	.LLST2:
 891 0055 06000000 		.4byte	.LVL16
 892 0059 0A000000 		.4byte	.LVL17
 893 005d 0200     		.2byte	0x2
 894 005f 30       		.byte	0x30
ARM GAS  C:\Users\mstai\AppData\Local\Temp\cc9XfHQv.s 			page 20


 895 0060 9F       		.byte	0x9f
 896 0061 0A000000 		.4byte	.LVL17
 897 0065 1E000000 		.4byte	.LFE35
 898 0069 0100     		.2byte	0x1
 899 006b 53       		.byte	0x53
 900 006c 00000000 		.4byte	0
 901 0070 00000000 		.4byte	0
 902              		.section	.debug_aranges,"",%progbits
 903 0000 24000000 		.4byte	0x24
 904 0004 0200     		.2byte	0x2
 905 0006 00000000 		.4byte	.Ldebug_info0
 906 000a 04       		.byte	0x4
 907 000b 00       		.byte	0
 908 000c 0000     		.2byte	0
 909 000e 0000     		.2byte	0
 910 0010 00000000 		.4byte	.LFB34
 911 0014 5C000000 		.4byte	.LFE34-.LFB34
 912 0018 00000000 		.4byte	.LFB35
 913 001c 1E000000 		.4byte	.LFE35-.LFB35
 914 0020 00000000 		.4byte	0
 915 0024 00000000 		.4byte	0
 916              		.section	.debug_ranges,"",%progbits
 917              	.Ldebug_ranges0:
 918 0000 00000000 		.4byte	.LFB34
 919 0004 5C000000 		.4byte	.LFE34
 920 0008 00000000 		.4byte	.LFB35
 921 000c 1E000000 		.4byte	.LFE35
 922 0010 00000000 		.4byte	0
 923 0014 00000000 		.4byte	0
 924              		.section	.debug_line,"",%progbits
 925              	.Ldebug_line0:
 926 0000 89010000 		.section	.debug_str,"MS",%progbits,1
 926      02004201 
 926      00000201 
 926      FB0E0D00 
 926      01010101 
 927              	.LASF34:
 928 0000 43617053 		.ascii	"CapSense_RunTuner\000"
 928      656E7365 
 928      5F52756E 
 928      54756E65 
 928      7200
 929              	.LASF22:
 930 0012 43617053 		.ascii	"CapSense_TST_MEASUREMENT_OVERFLOW\000"
 930      656E7365 
 930      5F545354 
 930      5F4D4541 
 930      53555245 
 931              	.LASF24:
 932 0034 43617053 		.ascii	"CapSense_TST_MEASUREMENT_STATUS_ENUM\000"
 932      656E7365 
 932      5F545354 
 932      5F4D4541 
 932      53555245 
 933              	.LASF19:
 934 0059 43617053 		.ascii	"CapSense_TST_MEASUREMENT_ERROR\000"
 934      656E7365 
ARM GAS  C:\Users\mstai\AppData\Local\Temp\cc9XfHQv.s 			page 21


 934      5F545354 
 934      5F4D4541 
 934      53555245 
 935              	.LASF23:
 936 0078 43617053 		.ascii	"CapSense_TST_MEASUREMENT_TIMEOUT\000"
 936      656E7365 
 936      5F545354 
 936      5F4D4541 
 936      53555245 
 937              	.LASF17:
 938 0099 43617053 		.ascii	"CapSense_TST_MEASUREMENT_BAD_PARAM\000"
 938      656E7365 
 938      5F545354 
 938      5F4D4541 
 938      53555245 
 939              	.LASF10:
 940 00bc 646F7562 		.ascii	"double\000"
 940      6C6500
 941              	.LASF41:
 942 00c3 433A5C55 		.ascii	"C:\\Users\\mstai\\OneDrive\\Desktop\\TESI ROBOTICA\\"
 942      73657273 
 942      5C6D7374 
 942      61695C4F 
 942      6E654472 
 943 00f1 434D4153 		.ascii	"CMAS.cydsn\000"
 943      2E637964 
 943      736E00
 944              	.LASF9:
 945 00fc 666C6F61 		.ascii	"float\000"
 945      7400
 946              	.LASF28:
 947 0102 4765744D 		.ascii	"GetMax\000"
 947      617800
 948              	.LASF31:
 949 0109 43617053 		.ascii	"CapSense_ScanAllWidgets\000"
 949      656E7365 
 949      5F536361 
 949      6E416C6C 
 949      57696467 
 950              	.LASF1:
 951 0121 756E7369 		.ascii	"unsigned char\000"
 951      676E6564 
 951      20636861 
 951      7200
 952              	.LASF32:
 953 012f 43617053 		.ascii	"CapSense_IsBusy\000"
 953      656E7365 
 953      5F497342 
 953      75737900 
 954              	.LASF12:
 955 013f 63686172 		.ascii	"char8\000"
 955      3800
 956              	.LASF26:
 957 0145 74656D70 		.ascii	"temp\000"
 957      00
 958              	.LASF3:
 959 014a 73686F72 		.ascii	"short unsigned int\000"
ARM GAS  C:\Users\mstai\AppData\Local\Temp\cc9XfHQv.s 			page 22


 959      7420756E 
 959      7369676E 
 959      65642069 
 959      6E7400
 960              	.LASF16:
 961 015d 43617053 		.ascii	"CapSense_TST_MEASUREMENT_SUCCESS\000"
 961      656E7365 
 961      5F545354 
 961      5F4D4541 
 961      53555245 
 962              	.LASF20:
 963 017e 43617053 		.ascii	"CapSense_TST_MEASUREMENT_LOW_LIMIT\000"
 963      656E7365 
 963      5F545354 
 963      5F4D4541 
 963      53555245 
 964              	.LASF5:
 965 01a1 6C6F6E67 		.ascii	"long unsigned int\000"
 965      20756E73 
 965      69676E65 
 965      6420696E 
 965      7400
 966              	.LASF27:
 967 01b3 6D61696E 		.ascii	"main\000"
 967      00
 968              	.LASF29:
 969 01b8 53575F54 		.ascii	"SW_Tx_UART_Start\000"
 969      785F5541 
 969      52545F53 
 969      74617274 
 969      00
 970              	.LASF25:
 971 01c9 6361705F 		.ascii	"cap_uart\000"
 971      75617274 
 971      00
 972              	.LASF11:
 973 01d2 75696E74 		.ascii	"uint32\000"
 973      333200
 974              	.LASF38:
 975 01d9 53575F54 		.ascii	"SW_Tx_UART_PutString\000"
 975      785F5541 
 975      52545F50 
 975      75745374 
 975      72696E67 
 976              	.LASF8:
 977 01ee 756E7369 		.ascii	"unsigned int\000"
 977      676E6564 
 977      20696E74 
 977      00
 978              	.LASF7:
 979 01fb 6C6F6E67 		.ascii	"long long unsigned int\000"
 979      206C6F6E 
 979      6720756E 
 979      7369676E 
 979      65642069 
 980              	.LASF33:
 981 0212 43617053 		.ascii	"CapSense_ProcessAllWidgets\000"
ARM GAS  C:\Users\mstai\AppData\Local\Temp\cc9XfHQv.s 			page 23


 981      656E7365 
 981      5F50726F 
 981      63657373 
 981      416C6C57 
 982              	.LASF15:
 983 022d 73697A65 		.ascii	"sizetype\000"
 983      74797065 
 983      00
 984              	.LASF6:
 985 0236 6C6F6E67 		.ascii	"long long int\000"
 985      206C6F6E 
 985      6720696E 
 985      7400
 986              	.LASF40:
 987 0244 6D61696E 		.ascii	"main.c\000"
 987      2E6300
 988              	.LASF13:
 989 024b 63686172 		.ascii	"char\000"
 989      00
 990              	.LASF36:
 991 0250 43617053 		.ascii	"CapSense_IsSensorActive\000"
 991      656E7365 
 991      5F497353 
 991      656E736F 
 991      72416374 
 992              	.LASF18:
 993 0268 43617053 		.ascii	"CapSense_TST_MEASUREMENT_BAD_DATA\000"
 993      656E7365 
 993      5F545354 
 993      5F4D4541 
 993      53555245 
 994              	.LASF2:
 995 028a 73686F72 		.ascii	"short int\000"
 995      7420696E 
 995      7400
 996              	.LASF21:
 997 0294 43617053 		.ascii	"CapSense_TST_MEASUREMENT_HIGH_LIMIT\000"
 997      656E7365 
 997      5F545354 
 997      5F4D4541 
 997      53555245 
 998              	.LASF4:
 999 02b8 6C6F6E67 		.ascii	"long int\000"
 999      20696E74 
 999      00
 1000              	.LASF14:
 1001 02c1 6C6F6E67 		.ascii	"long double\000"
 1001      20646F75 
 1001      626C6500 
 1002              	.LASF39:
 1003 02cd 474E5520 		.ascii	"GNU C11 5.4.1 20160609 (release) [ARM/embedded-5-br"
 1003      43313120 
 1003      352E342E 
 1003      31203230 
 1003      31363036 
 1004 0300 616E6368 		.ascii	"anch revision 237715] -mcpu=cortex-m0plus -mthumb -"
 1004      20726576 
ARM GAS  C:\Users\mstai\AppData\Local\Temp\cc9XfHQv.s 			page 24


 1004      6973696F 
 1004      6E203233 
 1004      37373135 
 1005 0333 67202D4F 		.ascii	"g -Og -ffunction-sections -ffat-lto-objects\000"
 1005      67202D66 
 1005      66756E63 
 1005      74696F6E 
 1005      2D736563 
 1006              	.LASF0:
 1007 035f 7369676E 		.ascii	"signed char\000"
 1007      65642063 
 1007      68617200 
 1008              	.LASF35:
 1009 036b 43617053 		.ascii	"CapSense_GetSensorCapacitance\000"
 1009      656E7365 
 1009      5F476574 
 1009      53656E73 
 1009      6F724361 
 1010              	.LASF37:
 1011 0389 73707269 		.ascii	"sprintf\000"
 1011      6E746600 
 1012              	.LASF30:
 1013 0391 43617053 		.ascii	"CapSense_Start\000"
 1013      656E7365 
 1013      5F537461 
 1013      727400
 1014              		.ident	"GCC: (GNU Tools for ARM Embedded Processors) 5.4.1 20160609 (release) [ARM/embedded-5-bran
