--------------- Rebuild Started: 05/31/2022 09:15:40 Project: CMAS, Configuration: ARM GCC 5.4-2016-q2-update Debug ---------------
Deleting file ".\CortexM0p\ARM_GCC_541\Debug\main.o"
Deleting file ".\CortexM0p\ARM_GCC_541\Debug\cyfitter_cfg.o"
Deleting file ".\CortexM0p\ARM_GCC_541\Debug\cymetadata.o"
Deleting file ".\CortexM0p\ARM_GCC_541\Debug\SW_Tx_UART_AsmGnu.o"
Deleting file ".\CortexM0p\ARM_GCC_541\Debug\SW_Tx_UART.o"
Deleting file ".\CortexM0p\ARM_GCC_541\Debug\CapSense_Control.o"
Deleting file ".\CortexM0p\ARM_GCC_541\Debug\CapSense_Processing.o"
Deleting file ".\CortexM0p\ARM_GCC_541\Debug\CapSense_Structure.o"
Deleting file ".\CortexM0p\ARM_GCC_541\Debug\CapSense_Tuner.o"
Deleting file ".\CortexM0p\ARM_GCC_541\Debug\CapSense_Filter.o"
Deleting file ".\CortexM0p\ARM_GCC_541\Debug\CapSense_Sensing.o"
Deleting file ".\CortexM0p\ARM_GCC_541\Debug\CapSense_INT.o"
Deleting file ".\CortexM0p\ARM_GCC_541\Debug\CapSense_SensingCSD_LL.o"
Deleting file ".\CortexM0p\ARM_GCC_541\Debug\CapSense_SelfTest.o"
Deleting file ".\CortexM0p\ARM_GCC_541\Debug\CapSense_ISR.o"
Deleting file ".\CortexM0p\ARM_GCC_541\Debug\cy_em_eeprom.o"
Deleting file ".\CortexM0p\ARM_GCC_541\Debug\CyFlash.o"
Deleting file ".\CortexM0p\ARM_GCC_541\Debug\CyLib.o"
Deleting file ".\CortexM0p\ARM_GCC_541\Debug\cyPm.o"
Deleting file ".\CortexM0p\ARM_GCC_541\Debug\cyutils.o"
Deleting file ".\CortexM0p\ARM_GCC_541\Debug\CyBootAsmGnu.o"
Deleting file ".\CortexM0p\ARM_GCC_541\Debug\Cm0plusStart.o"
Deleting file ".\CortexM0p\ARM_GCC_541\Debug\CyLFClk.o"
Deleting file ".\CortexM0p\ARM_GCC_541\Debug\CyDMA.o"
Deleting file ".\CortexM0p\ARM_GCC_541\Debug\CMAS.hex"
Deleting file ".\CortexM0p\ARM_GCC_541\Debug\CMAS.elf"
Deleting file ".\CortexM0p\ARM_GCC_541\Debug\CMAS.map"
Deleting file ".\CMAS.cycdx"
Deleting file ".\CMAS.rpt"
Deleting file ".\CortexM0p\ARM_GCC_541\Debug\.deps\SOURCE_C__ARM_GCC_GENERIC.P"
Deleting file ".\CortexM0p\ARM_GCC_541\Debug\.deps\SOURCE_ASM__ARM_GCC_GENERIC.P"
cydsfit.exe -.appdatapath "C:\Users\mstai\AppData\Local\Cypress Semiconductor\PSoC Creator\4.2" -.fdsnotice -.fdswarpdepfile=warp_dependencies.txt -.fdselabdepfile=elab_dependencies.txt -.fdsbldfile=generated_files.txt -.fdsreffile=referenced_files.txt -p "C:\Users\mstai\OneDrive\Documenti\PSoC Creator\CapacitanceMeasureAndStatus\CMAS.cydsn\CMAS.cyprj" -d CY8C4147AZI-S475 -s "C:\Users\mstai\OneDrive\Documenti\PSoC Creator\CapacitanceMeasureAndStatus\CMAS.cydsn\Generated_Source\PSoC4" -- -yv2 -q10 -ygs -o2 -v3 -.fftcfgtype=LE
Elaborating Design...
HDL Generation...
Synthesis...
Tech Mapping...
ADD: pft.M0040: information: The following 1 pin(s) will be assigned a location by the fitter: \CapSense:Cmod(0)\
Analog Placement...
Analog Routing...
Analog Code Generation...
Digital Placement...
Digital Routing...
Bitstream Generation...
Bitstream Verification...
Static timing analysis...
API Generation...
Dependency Generation...
Cleanup...
arm-none-eabi-gcc.exe -mcpu=cortex-m0plus -mthumb -I. -IGenerated_Source\PSoC4 -Wa,-alh=.\CortexM0p\ARM_GCC_541\Debug/main.lst -g -D DEBUG -Wall -ffunction-sections -ffat-lto-objects -Og -c main.c -o .\CortexM0p\ARM_GCC_541\Debug\main.o
arm-none-eabi-gcc.exe -mcpu=cortex-m0plus -mthumb -I. -IGenerated_Source\PSoC4 -Wa,-alh=.\CortexM0p\ARM_GCC_541\Debug/cyfitter_cfg.lst -g -D DEBUG -Wall -ffunction-sections -ffat-lto-objects -Og -c Generated_Source\PSoC4\cyfitter_cfg.c -o .\CortexM0p\ARM_GCC_541\Debug\cyfitter_cfg.o
arm-none-eabi-gcc.exe -mcpu=cortex-m0plus -mthumb -I. -IGenerated_Source\PSoC4 -Wa,-alh=.\CortexM0p\ARM_GCC_541\Debug/cymetadata.lst -g -D DEBUG -Wall -ffunction-sections -ffat-lto-objects -Og -c Generated_Source\PSoC4\cymetadata.c -o .\CortexM0p\ARM_GCC_541\Debug\cymetadata.o
arm-none-eabi-gcc.exe -mcpu=cortex-m0plus -mthumb -I. -IGenerated_Source\PSoC4 -Wa,-alh=.\CortexM0p\ARM_GCC_541\Debug/SW_Tx_UART.lst -g -D DEBUG -Wall -ffunction-sections -ffat-lto-objects -Og -c Generated_Source\PSoC4\SW_Tx_UART.c -o .\CortexM0p\ARM_GCC_541\Debug\SW_Tx_UART.o
arm-none-eabi-gcc.exe -mcpu=cortex-m0plus -mthumb -I. -IGenerated_Source\PSoC4 -Wa,-alh=.\CortexM0p\ARM_GCC_541\Debug/CapSense_Control.lst -g -D DEBUG -Wall -ffunction-sections -ffat-lto-objects -Og -c Generated_Source\PSoC4\CapSense_Control.c -o .\CortexM0p\ARM_GCC_541\Debug\CapSense_Control.o
arm-none-eabi-gcc.exe -mcpu=cortex-m0plus -mthumb -I. -IGenerated_Source\PSoC4 -Wa,-alh=.\CortexM0p\ARM_GCC_541\Debug/CapSense_Processing.lst -g -D DEBUG -Wall -ffunction-sections -ffat-lto-objects -Og -c Generated_Source\PSoC4\CapSense_Processing.c -o .\CortexM0p\ARM_GCC_541\Debug\CapSense_Processing.o
arm-none-eabi-gcc.exe -mcpu=cortex-m0plus -mthumb -I. -IGenerated_Source\PSoC4 -Wa,-alh=.\CortexM0p\ARM_GCC_541\Debug/CapSense_Structure.lst -g -D DEBUG -Wall -ffunction-sections -ffat-lto-objects -Og -c Generated_Source\PSoC4\CapSense_Structure.c -o .\CortexM0p\ARM_GCC_541\Debug\CapSense_Structure.o
arm-none-eabi-gcc.exe -mcpu=cortex-m0plus -mthumb -I. -IGenerated_Source\PSoC4 -Wa,-alh=.\CortexM0p\ARM_GCC_541\Debug/CapSense_Tuner.lst -g -D DEBUG -Wall -ffunction-sections -ffat-lto-objects -Og -c Generated_Source\PSoC4\CapSense_Tuner.c -o .\CortexM0p\ARM_GCC_541\Debug\CapSense_Tuner.o
arm-none-eabi-gcc.exe -mcpu=cortex-m0plus -mthumb -I. -IGenerated_Source\PSoC4 -Wa,-alh=.\CortexM0p\ARM_GCC_541\Debug/CapSense_Filter.lst -g -D DEBUG -Wall -ffunction-sections -ffat-lto-objects -Og -c Generated_Source\PSoC4\CapSense_Filter.c -o .\CortexM0p\ARM_GCC_541\Debug\CapSense_Filter.o
arm-none-eabi-gcc.exe -mcpu=cortex-m0plus -mthumb -I. -IGenerated_Source\PSoC4 -Wa,-alh=.\CortexM0p\ARM_GCC_541\Debug/CapSense_Sensing.lst -g -D DEBUG -Wall -ffunction-sections -ffat-lto-objects -Og -c Generated_Source\PSoC4\CapSense_Sensing.c -o .\CortexM0p\ARM_GCC_541\Debug\CapSense_Sensing.o
arm-none-eabi-gcc.exe -mcpu=cortex-m0plus -mthumb -I. -IGenerated_Source\PSoC4 -Wa,-alh=.\CortexM0p\ARM_GCC_541\Debug/CapSense_INT.lst -g -D DEBUG -Wall -ffunction-sections -ffat-lto-objects -Og -c Generated_Source\PSoC4\CapSense_INT.c -o .\CortexM0p\ARM_GCC_541\Debug\CapSense_INT.o
arm-none-eabi-gcc.exe -mcpu=cortex-m0plus -mthumb -I. -IGenerated_Source\PSoC4 -Wa,-alh=.\CortexM0p\ARM_GCC_541\Debug/CapSense_SensingCSD_LL.lst -g -D DEBUG -Wall -ffunction-sections -ffat-lto-objects -Og -c Generated_Source\PSoC4\CapSense_SensingCSD_LL.c -o .\CortexM0p\ARM_GCC_541\Debug\CapSense_SensingCSD_LL.o
arm-none-eabi-gcc.exe -mcpu=cortex-m0plus -mthumb -I. -IGenerated_Source\PSoC4 -Wa,-alh=.\CortexM0p\ARM_GCC_541\Debug/CapSense_SelfTest.lst -g -D DEBUG -Wall -ffunction-sections -ffat-lto-objects -Og -c Generated_Source\PSoC4\CapSense_SelfTest.c -o .\CortexM0p\ARM_GCC_541\Debug\CapSense_SelfTest.o
arm-none-eabi-gcc.exe -mcpu=cortex-m0plus -mthumb -I. -IGenerated_Source\PSoC4 -Wa,-alh=.\CortexM0p\ARM_GCC_541\Debug/CapSense_ISR.lst -g -D DEBUG -Wall -ffunction-sections -ffat-lto-objects -Og -c Generated_Source\PSoC4\CapSense_ISR.c -o .\CortexM0p\ARM_GCC_541\Debug\CapSense_ISR.o
arm-none-eabi-gcc.exe -mcpu=cortex-m0plus -mthumb -I. -IGenerated_Source\PSoC4 -Wa,-alh=.\CortexM0p\ARM_GCC_541\Debug/cy_em_eeprom.lst -g -D DEBUG -Wall -ffunction-sections -ffat-lto-objects -Og -c Generated_Source\PSoC4\cy_em_eeprom.c -o .\CortexM0p\ARM_GCC_541\Debug\cy_em_eeprom.o
arm-none-eabi-gcc.exe -mcpu=cortex-m0plus -mthumb -I. -IGenerated_Source\PSoC4 -Wa,-alh=.\CortexM0p\ARM_GCC_541\Debug/CyFlash.lst -g -D DEBUG -Wall -ffunction-sections -ffat-lto-objects -Og -c Generated_Source\PSoC4\CyFlash.c -o .\CortexM0p\ARM_GCC_541\Debug\CyFlash.o
arm-none-eabi-gcc.exe -mcpu=cortex-m0plus -mthumb -I. -IGenerated_Source\PSoC4 -Wa,-alh=.\CortexM0p\ARM_GCC_541\Debug/CyLib.lst -g -D DEBUG -Wall -ffunction-sections -ffat-lto-objects -Og -c Generated_Source\PSoC4\CyLib.c -o .\CortexM0p\ARM_GCC_541\Debug\CyLib.o
arm-none-eabi-gcc.exe -mcpu=cortex-m0plus -mthumb -I. -IGenerated_Source\PSoC4 -Wa,-alh=.\CortexM0p\ARM_GCC_541\Debug/cyPm.lst -g -D DEBUG -Wall -ffunction-sections -ffat-lto-objects -Og -c Generated_Source\PSoC4\cyPm.c -o .\CortexM0p\ARM_GCC_541\Debug\cyPm.o
arm-none-eabi-gcc.exe -mcpu=cortex-m0plus -mthumb -I. -IGenerated_Source\PSoC4 -Wa,-alh=.\CortexM0p\ARM_GCC_541\Debug/cyutils.lst -g -D DEBUG -Wall -ffunction-sections -ffat-lto-objects -Og -c Generated_Source\PSoC4\cyutils.c -o .\CortexM0p\ARM_GCC_541\Debug\cyutils.o
arm-none-eabi-gcc.exe -mcpu=cortex-m0plus -mthumb -I. -IGenerated_Source\PSoC4 -Wa,-alh=.\CortexM0p\ARM_GCC_541\Debug/Cm0plusStart.lst -g -D DEBUG -Wall -ffunction-sections -ffat-lto-objects -Og -c Generated_Source\PSoC4\Cm0plusStart.c -o .\CortexM0p\ARM_GCC_541\Debug\Cm0plusStart.o
arm-none-eabi-gcc.exe -mcpu=cortex-m0plus -mthumb -I. -IGenerated_Source\PSoC4 -Wa,-alh=.\CortexM0p\ARM_GCC_541\Debug/CyLFClk.lst -g -D DEBUG -Wall -ffunction-sections -ffat-lto-objects -Og -c Generated_Source\PSoC4\CyLFClk.c -o .\CortexM0p\ARM_GCC_541\Debug\CyLFClk.o
arm-none-eabi-gcc.exe -mcpu=cortex-m0plus -mthumb -I. -IGenerated_Source\PSoC4 -Wa,-alh=.\CortexM0p\ARM_GCC_541\Debug/CyDMA.lst -g -D DEBUG -Wall -ffunction-sections -ffat-lto-objects -Og -c Generated_Source\PSoC4\CyDMA.c -o .\CortexM0p\ARM_GCC_541\Debug\CyDMA.o
arm-none-eabi-as.exe -mcpu=cortex-m0plus -mthumb -I. -IGenerated_Source\PSoC4 -alh=.\CortexM0p\ARM_GCC_541\Debug/SW_Tx_UART_AsmGnu.lst -g -W -o .\CortexM0p\ARM_GCC_541\Debug\SW_Tx_UART_AsmGnu.o Generated_Source\PSoC4\SW_Tx_UART_AsmGnu.s
arm-none-eabi-as.exe -mcpu=cortex-m0plus -mthumb -I. -IGenerated_Source\PSoC4 -alh=.\CortexM0p\ARM_GCC_541\Debug/CyBootAsmGnu.lst -g -W -o .\CortexM0p\ARM_GCC_541\Debug\CyBootAsmGnu.o Generated_Source\PSoC4\CyBootAsmGnu.s
arm-none-eabi-ar.exe -rs .\CortexM0p\ARM_GCC_541\Debug\CMAS.a .\CortexM0p\ARM_GCC_541\Debug\SW_Tx_UART.o .\CortexM0p\ARM_GCC_541\Debug\CapSense_Control.o .\CortexM0p\ARM_GCC_541\Debug\CapSense_Processing.o .\CortexM0p\ARM_GCC_541\Debug\CapSense_Structure.o .\CortexM0p\ARM_GCC_541\Debug\CapSense_Tuner.o .\CortexM0p\ARM_GCC_541\Debug\CapSense_Filter.o .\CortexM0p\ARM_GCC_541\Debug\CapSense_Sensing.o .\CortexM0p\ARM_GCC_541\Debug\CapSense_INT.o .\CortexM0p\ARM_GCC_541\Debug\CapSense_SensingCSD_LL.o .\CortexM0p\ARM_GCC_541\Debug\CapSense_SelfTest.o .\CortexM0p\ARM_GCC_541\Debug\CapSense_ISR.o .\CortexM0p\ARM_GCC_541\Debug\cy_em_eeprom.o .\CortexM0p\ARM_GCC_541\Debug\CyFlash.o .\CortexM0p\ARM_GCC_541\Debug\CyLib.o .\CortexM0p\ARM_GCC_541\Debug\cyPm.o .\CortexM0p\ARM_GCC_541\Debug\cyutils.o .\CortexM0p\ARM_GCC_541\Debug\CyLFClk.o .\CortexM0p\ARM_GCC_541\Debug\CyDMA.o .\CortexM0p\ARM_GCC_541\Debug\SW_Tx_UART_AsmGnu.o .\CortexM0p\ARM_GCC_541\Debug\CyBootAsmGnu.o
arm-none-eabi-ar.exe: creating .\CortexM0p\ARM_GCC_541\Debug\CMAS.a
arm-none-eabi-gcc.exe -Wl,--start-group -o "C:\Users\mstai\OneDrive\Documenti\PSoC Creator\CapacitanceMeasureAndStatus\CMAS.cydsn\CortexM0p\ARM_GCC_541\Debug\CMAS.elf" .\CortexM0p\ARM_GCC_541\Debug\main.o .\CortexM0p\ARM_GCC_541\Debug\cyfitter_cfg.o .\CortexM0p\ARM_GCC_541\Debug\cymetadata.o .\CortexM0p\ARM_GCC_541\Debug\Cm0plusStart.o .\CortexM0p\ARM_GCC_541\Debug\CMAS.a "..\..\4.2\Downloads ( 4.2).cylib\CapSense_P4_v7_0\PSoC4\Library\Capsense_P4Library_GCCp.a" -mcpu=cortex-m0plus -mthumb -L Generated_Source\PSoC4 -Wl,-Map,.\CortexM0p\ARM_GCC_541\Debug/CMAS.map -T Generated_Source\PSoC4\cm0plusgcc.ld -specs=nano.specs -Wl,--gc-sections -g -ffunction-sections -Og -ffat-lto-objects -Wl,--end-group
cyelftool.exe -C "C:\Users\mstai\OneDrive\Documenti\PSoC Creator\CapacitanceMeasureAndStatus\CMAS.cydsn\CortexM0p\ARM_GCC_541\Debug\CMAS.elf" --flash_row_size 256 --flash_size 131072 --flash_offset 0x00000000
No ELF section .cychecksum found, creating one
Application checksum calculated and stored in ELF section .cychecksum
Checksum calculated and stored in ELF section .cymeta
cyelftool.exe -S "C:\Users\mstai\OneDrive\Documenti\PSoC Creator\CapacitanceMeasureAndStatus\CMAS.cydsn\CortexM0p\ARM_GCC_541\Debug\CMAS.elf"
Flash used: 18678 of 131072 bytes (14,3%).
SRAM used: 1816 of 16384 bytes (11,1%). Stack: 1024 bytes. Heap: 256 bytes.
--------------- Rebuild Succeeded: 05/31/2022 09:16:15 ---------------
